GAS LISTING /var/folders/86/8ymzt0g934z5dpmztl89nd000000gn/T//ccITg1a2.s 			page 1


   1               		.file	"can.cpp"
   2               	__SP_H__ = 0x3e
   3               	__SP_L__ = 0x3d
   4               	__SREG__ = 0x3f
   5               	__tmp_reg__ = 0
   6               	__zero_reg__ = 1
   7               		.text
   8               	.Ltext0:
   9               		.cfi_sections	.debug_frame
  10               	.global	_ZN3canC2Ev
  11               		.type	_ZN3canC2Ev, @function
  12               	_ZN3canC2Ev:
  13               	.LFB1:
  14               		.file 1 "can.cpp"
   1:can.cpp       **** /*
   2:can.cpp       ****  * Ecole Polytechnique de Montreal
   3:can.cpp       ****  * Departement de genie informatique
   4:can.cpp       ****  * Cours inf1995
   5:can.cpp       ****  *
   6:can.cpp       ****  * Matthew Khouzam et Jerome Collin
   7:can.cpp       ****  * 2005-2006
   8:can.cpp       ****  *
   9:can.cpp       ****  * Code qui n'est sous aucune license.
  10:can.cpp       ****  *
  11:can.cpp       ****  */
  12:can.cpp       **** 
  13:can.cpp       **** #include "can.h"
  14:can.cpp       **** 
  15:can.cpp       **** // constructeur: initialisation du convertisseur
  16:can.cpp       **** can::can()
  15               		.loc 1 16 0
  16               		.cfi_startproc
  17               	.LVL0:
  18               	/* prologue: function */
  19               	/* frame size = 0 */
  20               	/* stack size = 0 */
  21               	.L__stack_usage = 0
  22               	.LBB2:
  17:can.cpp       **** {
  18:can.cpp       ****    // ADC mux : reference analogique externe
  19:can.cpp       ****    //           ajuste a droite
  20:can.cpp       ****    ADMUX  = ( 0 << REFS1 ) | ( 0 << REFS0 ) | ( 0 << ADLAR ) | ( 0 << MUX4 ) |
  21:can.cpp       ****             ( 0 << MUX3 ) | ( 0 << MUX2 ) | ( 0 << MUX1) | ( 0 << MUX0 ) ;
  23               		.loc 1 21 0
  24 0000 1092 7C00 		sts 124,__zero_reg__
  22:can.cpp       **** 
  23:can.cpp       ****    // ADC Status and Control Register A :
  24:can.cpp       ****    //  Active le convertisseur mais sans demarrer de conversion pour l'instant.
  25:can.cpp       ****    //  Pas de declanchement automatique et aucune interruption suivant
  26:can.cpp       ****    //  la fin d'une convertion. Division de l'horloge par 64 (il faudra
  27:can.cpp       ****    //  donc 13 cycles du convertisseur * 64 pour terminer une conversion
  28:can.cpp       ****    //  soit 832 cycles d'horloge soit 104 micro-secondes
  29:can.cpp       ****    ADCSRA = ( 1 << ADEN ) | ( 0 << ADSC )  | ( 0 << ADATE ) | ( 0 << ADIF ) |
  30:can.cpp       ****             ( 0 << ADIE ) | ( 1 << ADPS2 ) | ( 1 << ADPS1 ) | ( 0 << ADPS0 ) ;
  25               		.loc 1 30 0
  26 0004 86E8      		ldi r24,lo8(-122)
  27               	.LVL1:
GAS LISTING /var/folders/86/8ymzt0g934z5dpmztl89nd000000gn/T//ccITg1a2.s 			page 2


  28 0006 8093 7A00 		sts 122,r24
  29 000a 0895      		ret
  30               	.LBE2:
  31               		.cfi_endproc
  32               	.LFE1:
  33               		.size	_ZN3canC2Ev, .-_ZN3canC2Ev
  34               	.global	_ZN3canC1Ev
  35               		.set	_ZN3canC1Ev,_ZN3canC2Ev
  36               	.global	_ZN3canD2Ev
  37               		.type	_ZN3canD2Ev, @function
  38               	_ZN3canD2Ev:
  39               	.LFB4:
  31:can.cpp       **** }
  32:can.cpp       **** 
  33:can.cpp       **** // Destructeur:  Arreter le convertisseur pour sauver sur la consommation.
  34:can.cpp       **** can::~can()
  40               		.loc 1 34 0
  41               		.cfi_startproc
  42               	.LVL2:
  43               	/* prologue: function */
  44               	/* frame size = 0 */
  45               	/* stack size = 0 */
  46               	.L__stack_usage = 0
  47               	.LBB3:
  35:can.cpp       **** {
  36:can.cpp       ****    // rendre le convertisseur inactif.
  37:can.cpp       ****    ADCSRA = 0 << ADEN ;
  48               		.loc 1 37 0
  49 000c 1092 7A00 		sts 122,__zero_reg__
  50 0010 0895      		ret
  51               	.LBE3:
  52               		.cfi_endproc
  53               	.LFE4:
  54               		.size	_ZN3canD2Ev, .-_ZN3canD2Ev
  55               	.global	_ZN3canD1Ev
  56               		.set	_ZN3canD1Ev,_ZN3canD2Ev
  57               	.global	_ZN3can7lectureEh
  58               		.type	_ZN3can7lectureEh, @function
  59               	_ZN3can7lectureEh:
  60               	.LFB6:
  38:can.cpp       **** }
  39:can.cpp       **** 
  40:can.cpp       **** // Faire une conversion et aller retourner le resultat sur 16 bits
  41:can.cpp       **** // dont seulement les 10 de poids faibles sont significatifs.
  42:can.cpp       **** uint16_t
  43:can.cpp       **** can::lecture( uint8_t pos)
  44:can.cpp       **** {
  61               		.loc 1 44 0
  62               		.cfi_startproc
  63               	.LVL3:
  64               	/* prologue: function */
  65               	/* frame size = 0 */
  66               	/* stack size = 0 */
  67               	.L__stack_usage = 0
  68               	.LBB4:
  45:can.cpp       ****    uint16_t adcVal;
  46:can.cpp       **** 
GAS LISTING /var/folders/86/8ymzt0g934z5dpmztl89nd000000gn/T//ccITg1a2.s 			page 3


  47:can.cpp       ****    // Garder les bits de ADMUX intacts, sauf les bit permettant
  48:can.cpp       ****    // la selection de l'entree
  49:can.cpp       ****    ADMUX  &=  ~(( 1 << MUX4 ) | ( 1 << MUX3 ) |
  50:can.cpp       ****                 ( 1 << MUX2 ) | ( 1 << MUX1)  | ( 1 << MUX0 ));
  69               		.loc 1 50 0
  70 0012 8091 7C00 		lds r24,124
  71               	.LVL4:
  72 0016 807E      		andi r24,lo8(-32)
  73 0018 8093 7C00 		sts 124,r24
  51:can.cpp       **** 
  52:can.cpp       ****    // selectionner l'entree voulue
  53:can.cpp       ****    ADMUX |= ((pos & 0x07) << MUX0) ;
  74               		.loc 1 53 0
  75 001c 8091 7C00 		lds r24,124
  76 0020 6770      		andi r22,lo8(7)
  77               	.LVL5:
  78 0022 682B      		or r22,r24
  79 0024 6093 7C00 		sts 124,r22
  54:can.cpp       **** 
  55:can.cpp       ****    // demarrer la conversion
  56:can.cpp       ****    ADCSRA |= ( 1 << ADSC );
  80               		.loc 1 56 0
  81 0028 8091 7A00 		lds r24,122
  82 002c 8064      		ori r24,lo8(64)
  83 002e 8093 7A00 		sts 122,r24
  84               	.L5:
  57:can.cpp       **** 
  58:can.cpp       ****    // Attendre la fin de la conversion soit 13 cycles du convertisseur.
  59:can.cpp       ****    while( ! (ADCSRA & ( 1 << ADIF ) ) );
  85               		.loc 1 59 0 discriminator 1
  86 0032 8091 7A00 		lds r24,122
  87 0036 84FF      		sbrs r24,4
  88 0038 00C0      		rjmp .L5
  60:can.cpp       **** 
  61:can.cpp       ****    // important: remettre le bit d'indication de fin de cycle a zero
  62:can.cpp       ****    // pour la prochaine conversion ce qui se fait en l'ajustant a un.
  63:can.cpp       ****    ADCSRA |= (1 << ADIF);
  89               		.loc 1 63 0
  90 003a 8091 7A00 		lds r24,122
  91 003e 8061      		ori r24,lo8(16)
  92 0040 8093 7A00 		sts 122,r24
  64:can.cpp       **** 
  65:can.cpp       ****    // Aller chercher le resultat sur 16 bits.
  66:can.cpp       ****    adcVal =   ADCL ;
  93               		.loc 1 66 0
  94 0044 2091 7800 		lds r18,120
  95               	.LVL6:
  67:can.cpp       ****    adcVal +=  ADCH << 8;
  96               		.loc 1 67 0
  97 0048 8091 7900 		lds r24,121
  98               	.LVL7:
  99 004c 90E0      		ldi r25,0
 100 004e 982F      		mov r25,r24
 101 0050 8827      		clr r24
 102               	.LVL8:
 103               	.LBE4:
  68:can.cpp       **** 
GAS LISTING /var/folders/86/8ymzt0g934z5dpmztl89nd000000gn/T//ccITg1a2.s 			page 4


  69:can.cpp       ****    // resultat sur 16 bits
  70:can.cpp       ****    return adcVal;
  71:can.cpp       **** }
 104               		.loc 1 71 0
 105 0052 820F      		add r24,r18
 106 0054 911D      		adc r25,__zero_reg__
 107 0056 0895      		ret
 108               		.cfi_endproc
 109               	.LFE6:
 110               		.size	_ZN3can7lectureEh, .-_ZN3can7lectureEh
 111               	.Letext0:
 112               		.file 2 "/usr/local/CrossPack-AVR-20131216/avr/include/stdint.h"
 113               		.file 3 "can.h"
 114               		.section	.debug_info,"",@progbits
 115               	.Ldebug_info0:
 116 0000 C501 0000 		.long	0x1c5
 117 0004 0200      		.word	0x2
 118 0006 0000 0000 		.long	.Ldebug_abbrev0
 119 000a 04        		.byte	0x4
 120 000b 01        		.uleb128 0x1
 121 000c 0000 0000 		.long	.LASF14
 122 0010 04        		.byte	0x4
 123 0011 0000 0000 		.long	.LASF15
 124 0015 0000 0000 		.long	.LASF16
 125 0019 0000 0000 		.long	.Ltext0
 126 001d 0000 0000 		.long	.Letext0
 127 0021 0000 0000 		.long	.Ldebug_line0
 128 0025 02        		.uleb128 0x2
 129 0026 01        		.byte	0x1
 130 0027 06        		.byte	0x6
 131 0028 0000 0000 		.long	.LASF0
 132 002c 03        		.uleb128 0x3
 133 002d 0000 0000 		.long	.LASF2
 134 0031 02        		.byte	0x2
 135 0032 7A        		.byte	0x7a
 136 0033 3700 0000 		.long	0x37
 137 0037 02        		.uleb128 0x2
 138 0038 01        		.byte	0x1
 139 0039 08        		.byte	0x8
 140 003a 0000 0000 		.long	.LASF1
 141 003e 04        		.uleb128 0x4
 142 003f 02        		.byte	0x2
 143 0040 05        		.byte	0x5
 144 0041 696E 7400 		.string	"int"
 145 0045 03        		.uleb128 0x3
 146 0046 0000 0000 		.long	.LASF3
 147 004a 02        		.byte	0x2
 148 004b 7C        		.byte	0x7c
 149 004c 5000 0000 		.long	0x50
 150 0050 02        		.uleb128 0x2
 151 0051 02        		.byte	0x2
 152 0052 07        		.byte	0x7
 153 0053 0000 0000 		.long	.LASF4
 154 0057 02        		.uleb128 0x2
 155 0058 04        		.byte	0x4
 156 0059 05        		.byte	0x5
 157 005a 0000 0000 		.long	.LASF5
GAS LISTING /var/folders/86/8ymzt0g934z5dpmztl89nd000000gn/T//ccITg1a2.s 			page 5


 158 005e 02        		.uleb128 0x2
 159 005f 04        		.byte	0x4
 160 0060 07        		.byte	0x7
 161 0061 0000 0000 		.long	.LASF6
 162 0065 02        		.uleb128 0x2
 163 0066 08        		.byte	0x8
 164 0067 05        		.byte	0x5
 165 0068 0000 0000 		.long	.LASF7
 166 006c 02        		.uleb128 0x2
 167 006d 08        		.byte	0x8
 168 006e 07        		.byte	0x7
 169 006f 0000 0000 		.long	.LASF8
 170 0073 05        		.uleb128 0x5
 171 0074 6361 6E00 		.string	"can"
 172 0078 01        		.byte	0x1
 173 0079 03        		.byte	0x3
 174 007a 1D        		.byte	0x1d
 175 007b D700 0000 		.long	0xd7
 176 007f 06        		.uleb128 0x6
 177 0080 01        		.byte	0x1
 178 0081 6361 6E00 		.string	"can"
 179 0085 03        		.byte	0x3
 180 0086 21        		.byte	0x21
 181 0087 01        		.byte	0x1
 182 0088 9000 0000 		.long	0x90
 183 008c 9700 0000 		.long	0x97
 184 0090 07        		.uleb128 0x7
 185 0091 D700 0000 		.long	0xd7
 186 0095 01        		.byte	0x1
 187 0096 00        		.byte	0
 188 0097 08        		.uleb128 0x8
 189 0098 01        		.byte	0x1
 190 0099 0000 0000 		.long	.LASF9
 191 009d 03        		.byte	0x3
 192 009e 22        		.byte	0x22
 193 009f 01        		.byte	0x1
 194 00a0 A800 0000 		.long	0xa8
 195 00a4 B500 0000 		.long	0xb5
 196 00a8 07        		.uleb128 0x7
 197 00a9 D700 0000 		.long	0xd7
 198 00ad 01        		.byte	0x1
 199 00ae 07        		.uleb128 0x7
 200 00af 3E00 0000 		.long	0x3e
 201 00b3 01        		.byte	0x1
 202 00b4 00        		.byte	0
 203 00b5 09        		.uleb128 0x9
 204 00b6 01        		.byte	0x1
 205 00b7 0000 0000 		.long	.LASF17
 206 00bb 03        		.byte	0x3
 207 00bc 28        		.byte	0x28
 208 00bd 0000 0000 		.long	.LASF18
 209 00c1 4500 0000 		.long	0x45
 210 00c5 01        		.byte	0x1
 211 00c6 CA00 0000 		.long	0xca
 212 00ca 07        		.uleb128 0x7
 213 00cb D700 0000 		.long	0xd7
 214 00cf 01        		.byte	0x1
GAS LISTING /var/folders/86/8ymzt0g934z5dpmztl89nd000000gn/T//ccITg1a2.s 			page 6


 215 00d0 0A        		.uleb128 0xa
 216 00d1 2C00 0000 		.long	0x2c
 217 00d5 00        		.byte	0
 218 00d6 00        		.byte	0
 219 00d7 0B        		.uleb128 0xb
 220 00d8 02        		.byte	0x2
 221 00d9 7300 0000 		.long	0x73
 222 00dd 0C        		.uleb128 0xc
 223 00de 7F00 0000 		.long	0x7f
 224 00e2 01        		.byte	0x1
 225 00e3 10        		.byte	0x10
 226 00e4 00        		.byte	0
 227 00e5 ED00 0000 		.long	0xed
 228 00e9 F800 0000 		.long	0xf8
 229 00ed 0D        		.uleb128 0xd
 230 00ee 0000 0000 		.long	.LASF10
 231 00f2 F800 0000 		.long	0xf8
 232 00f6 01        		.byte	0x1
 233 00f7 00        		.byte	0
 234 00f8 0E        		.uleb128 0xe
 235 00f9 D700 0000 		.long	0xd7
 236 00fd 0F        		.uleb128 0xf
 237 00fe DD00 0000 		.long	0xdd
 238 0102 0000 0000 		.long	.LASF12
 239 0106 0000 0000 		.long	.LFB1
 240 010a 0000 0000 		.long	.LFE1
 241 010e 03        		.byte	0x3
 242 010f 92        		.byte	0x92
 243 0110 20        		.uleb128 0x20
 244 0111 02        		.sleb128 2
 245 0112 1B01 0000 		.long	0x11b
 246 0116 01        		.byte	0x1
 247 0117 2501 0000 		.long	0x125
 248 011b 10        		.uleb128 0x10
 249 011c ED00 0000 		.long	0xed
 250 0120 0000 0000 		.long	.LLST0
 251 0124 00        		.byte	0
 252 0125 11        		.uleb128 0x11
 253 0126 9700 0000 		.long	0x97
 254 012a 01        		.byte	0x1
 255 012b 00        		.byte	0
 256 012c 3401 0000 		.long	0x134
 257 0130 4901 0000 		.long	0x149
 258 0134 0D        		.uleb128 0xd
 259 0135 0000 0000 		.long	.LASF10
 260 0139 F800 0000 		.long	0xf8
 261 013d 01        		.byte	0x1
 262 013e 0D        		.uleb128 0xd
 263 013f 0000 0000 		.long	.LASF11
 264 0143 4901 0000 		.long	0x149
 265 0147 01        		.byte	0x1
 266 0148 00        		.byte	0
 267 0149 0E        		.uleb128 0xe
 268 014a 3E00 0000 		.long	0x3e
 269 014e 0F        		.uleb128 0xf
 270 014f 2501 0000 		.long	0x125
 271 0153 0000 0000 		.long	.LASF13
GAS LISTING /var/folders/86/8ymzt0g934z5dpmztl89nd000000gn/T//ccITg1a2.s 			page 7


 272 0157 0000 0000 		.long	.LFB4
 273 015b 0000 0000 		.long	.LFE4
 274 015f 03        		.byte	0x3
 275 0160 92        		.byte	0x92
 276 0161 20        		.uleb128 0x20
 277 0162 02        		.sleb128 2
 278 0163 6C01 0000 		.long	0x16c
 279 0167 01        		.byte	0x1
 280 0168 7901 0000 		.long	0x179
 281 016c 12        		.uleb128 0x12
 282 016d 3401 0000 		.long	0x134
 283 0171 06        		.byte	0x6
 284 0172 68        		.byte	0x68
 285 0173 93        		.byte	0x93
 286 0174 01        		.uleb128 0x1
 287 0175 69        		.byte	0x69
 288 0176 93        		.byte	0x93
 289 0177 01        		.uleb128 0x1
 290 0178 00        		.byte	0
 291 0179 13        		.uleb128 0x13
 292 017a B500 0000 		.long	0xb5
 293 017e 01        		.byte	0x1
 294 017f 2B        		.byte	0x2b
 295 0180 0000 0000 		.long	.LFB6
 296 0184 0000 0000 		.long	.LFE6
 297 0188 03        		.byte	0x3
 298 0189 92        		.byte	0x92
 299 018a 20        		.uleb128 0x20
 300 018b 02        		.sleb128 2
 301 018c 9101 0000 		.long	0x191
 302 0190 01        		.byte	0x1
 303 0191 14        		.uleb128 0x14
 304 0192 0000 0000 		.long	.LASF10
 305 0196 F800 0000 		.long	0xf8
 306 019a 01        		.byte	0x1
 307 019b 0000 0000 		.long	.LLST1
 308 019f 15        		.uleb128 0x15
 309 01a0 706F 7300 		.string	"pos"
 310 01a4 01        		.byte	0x1
 311 01a5 2B        		.byte	0x2b
 312 01a6 2C00 0000 		.long	0x2c
 313 01aa 0000 0000 		.long	.LLST2
 314 01ae 16        		.uleb128 0x16
 315 01af 0000 0000 		.long	.LBB4
 316 01b3 0000 0000 		.long	.LBE4
 317 01b7 17        		.uleb128 0x17
 318 01b8 0000 0000 		.long	.LASF19
 319 01bc 01        		.byte	0x1
 320 01bd 2D        		.byte	0x2d
 321 01be 4500 0000 		.long	0x45
 322 01c2 0000 0000 		.long	.LLST3
 323 01c6 00        		.byte	0
 324 01c7 00        		.byte	0
 325 01c8 00        		.byte	0
 326               		.section	.debug_abbrev,"",@progbits
 327               	.Ldebug_abbrev0:
 328 0000 01        		.uleb128 0x1
GAS LISTING /var/folders/86/8ymzt0g934z5dpmztl89nd000000gn/T//ccITg1a2.s 			page 8


 329 0001 11        		.uleb128 0x11
 330 0002 01        		.byte	0x1
 331 0003 25        		.uleb128 0x25
 332 0004 0E        		.uleb128 0xe
 333 0005 13        		.uleb128 0x13
 334 0006 0B        		.uleb128 0xb
 335 0007 03        		.uleb128 0x3
 336 0008 0E        		.uleb128 0xe
 337 0009 1B        		.uleb128 0x1b
 338 000a 0E        		.uleb128 0xe
 339 000b 11        		.uleb128 0x11
 340 000c 01        		.uleb128 0x1
 341 000d 12        		.uleb128 0x12
 342 000e 01        		.uleb128 0x1
 343 000f 10        		.uleb128 0x10
 344 0010 06        		.uleb128 0x6
 345 0011 00        		.byte	0
 346 0012 00        		.byte	0
 347 0013 02        		.uleb128 0x2
 348 0014 24        		.uleb128 0x24
 349 0015 00        		.byte	0
 350 0016 0B        		.uleb128 0xb
 351 0017 0B        		.uleb128 0xb
 352 0018 3E        		.uleb128 0x3e
 353 0019 0B        		.uleb128 0xb
 354 001a 03        		.uleb128 0x3
 355 001b 0E        		.uleb128 0xe
 356 001c 00        		.byte	0
 357 001d 00        		.byte	0
 358 001e 03        		.uleb128 0x3
 359 001f 16        		.uleb128 0x16
 360 0020 00        		.byte	0
 361 0021 03        		.uleb128 0x3
 362 0022 0E        		.uleb128 0xe
 363 0023 3A        		.uleb128 0x3a
 364 0024 0B        		.uleb128 0xb
 365 0025 3B        		.uleb128 0x3b
 366 0026 0B        		.uleb128 0xb
 367 0027 49        		.uleb128 0x49
 368 0028 13        		.uleb128 0x13
 369 0029 00        		.byte	0
 370 002a 00        		.byte	0
 371 002b 04        		.uleb128 0x4
 372 002c 24        		.uleb128 0x24
 373 002d 00        		.byte	0
 374 002e 0B        		.uleb128 0xb
 375 002f 0B        		.uleb128 0xb
 376 0030 3E        		.uleb128 0x3e
 377 0031 0B        		.uleb128 0xb
 378 0032 03        		.uleb128 0x3
 379 0033 08        		.uleb128 0x8
 380 0034 00        		.byte	0
 381 0035 00        		.byte	0
 382 0036 05        		.uleb128 0x5
 383 0037 02        		.uleb128 0x2
 384 0038 01        		.byte	0x1
 385 0039 03        		.uleb128 0x3
GAS LISTING /var/folders/86/8ymzt0g934z5dpmztl89nd000000gn/T//ccITg1a2.s 			page 9


 386 003a 08        		.uleb128 0x8
 387 003b 0B        		.uleb128 0xb
 388 003c 0B        		.uleb128 0xb
 389 003d 3A        		.uleb128 0x3a
 390 003e 0B        		.uleb128 0xb
 391 003f 3B        		.uleb128 0x3b
 392 0040 0B        		.uleb128 0xb
 393 0041 01        		.uleb128 0x1
 394 0042 13        		.uleb128 0x13
 395 0043 00        		.byte	0
 396 0044 00        		.byte	0
 397 0045 06        		.uleb128 0x6
 398 0046 2E        		.uleb128 0x2e
 399 0047 01        		.byte	0x1
 400 0048 3F        		.uleb128 0x3f
 401 0049 0C        		.uleb128 0xc
 402 004a 03        		.uleb128 0x3
 403 004b 08        		.uleb128 0x8
 404 004c 3A        		.uleb128 0x3a
 405 004d 0B        		.uleb128 0xb
 406 004e 3B        		.uleb128 0x3b
 407 004f 0B        		.uleb128 0xb
 408 0050 3C        		.uleb128 0x3c
 409 0051 0C        		.uleb128 0xc
 410 0052 64        		.uleb128 0x64
 411 0053 13        		.uleb128 0x13
 412 0054 01        		.uleb128 0x1
 413 0055 13        		.uleb128 0x13
 414 0056 00        		.byte	0
 415 0057 00        		.byte	0
 416 0058 07        		.uleb128 0x7
 417 0059 05        		.uleb128 0x5
 418 005a 00        		.byte	0
 419 005b 49        		.uleb128 0x49
 420 005c 13        		.uleb128 0x13
 421 005d 34        		.uleb128 0x34
 422 005e 0C        		.uleb128 0xc
 423 005f 00        		.byte	0
 424 0060 00        		.byte	0
 425 0061 08        		.uleb128 0x8
 426 0062 2E        		.uleb128 0x2e
 427 0063 01        		.byte	0x1
 428 0064 3F        		.uleb128 0x3f
 429 0065 0C        		.uleb128 0xc
 430 0066 03        		.uleb128 0x3
 431 0067 0E        		.uleb128 0xe
 432 0068 3A        		.uleb128 0x3a
 433 0069 0B        		.uleb128 0xb
 434 006a 3B        		.uleb128 0x3b
 435 006b 0B        		.uleb128 0xb
 436 006c 3C        		.uleb128 0x3c
 437 006d 0C        		.uleb128 0xc
 438 006e 64        		.uleb128 0x64
 439 006f 13        		.uleb128 0x13
 440 0070 01        		.uleb128 0x1
 441 0071 13        		.uleb128 0x13
 442 0072 00        		.byte	0
GAS LISTING /var/folders/86/8ymzt0g934z5dpmztl89nd000000gn/T//ccITg1a2.s 			page 10


 443 0073 00        		.byte	0
 444 0074 09        		.uleb128 0x9
 445 0075 2E        		.uleb128 0x2e
 446 0076 01        		.byte	0x1
 447 0077 3F        		.uleb128 0x3f
 448 0078 0C        		.uleb128 0xc
 449 0079 03        		.uleb128 0x3
 450 007a 0E        		.uleb128 0xe
 451 007b 3A        		.uleb128 0x3a
 452 007c 0B        		.uleb128 0xb
 453 007d 3B        		.uleb128 0x3b
 454 007e 0B        		.uleb128 0xb
 455 007f 8740      		.uleb128 0x2007
 456 0081 0E        		.uleb128 0xe
 457 0082 49        		.uleb128 0x49
 458 0083 13        		.uleb128 0x13
 459 0084 3C        		.uleb128 0x3c
 460 0085 0C        		.uleb128 0xc
 461 0086 64        		.uleb128 0x64
 462 0087 13        		.uleb128 0x13
 463 0088 00        		.byte	0
 464 0089 00        		.byte	0
 465 008a 0A        		.uleb128 0xa
 466 008b 05        		.uleb128 0x5
 467 008c 00        		.byte	0
 468 008d 49        		.uleb128 0x49
 469 008e 13        		.uleb128 0x13
 470 008f 00        		.byte	0
 471 0090 00        		.byte	0
 472 0091 0B        		.uleb128 0xb
 473 0092 0F        		.uleb128 0xf
 474 0093 00        		.byte	0
 475 0094 0B        		.uleb128 0xb
 476 0095 0B        		.uleb128 0xb
 477 0096 49        		.uleb128 0x49
 478 0097 13        		.uleb128 0x13
 479 0098 00        		.byte	0
 480 0099 00        		.byte	0
 481 009a 0C        		.uleb128 0xc
 482 009b 2E        		.uleb128 0x2e
 483 009c 01        		.byte	0x1
 484 009d 47        		.uleb128 0x47
 485 009e 13        		.uleb128 0x13
 486 009f 3A        		.uleb128 0x3a
 487 00a0 0B        		.uleb128 0xb
 488 00a1 3B        		.uleb128 0x3b
 489 00a2 0B        		.uleb128 0xb
 490 00a3 20        		.uleb128 0x20
 491 00a4 0B        		.uleb128 0xb
 492 00a5 64        		.uleb128 0x64
 493 00a6 13        		.uleb128 0x13
 494 00a7 01        		.uleb128 0x1
 495 00a8 13        		.uleb128 0x13
 496 00a9 00        		.byte	0
 497 00aa 00        		.byte	0
 498 00ab 0D        		.uleb128 0xd
 499 00ac 05        		.uleb128 0x5
GAS LISTING /var/folders/86/8ymzt0g934z5dpmztl89nd000000gn/T//ccITg1a2.s 			page 11


 500 00ad 00        		.byte	0
 501 00ae 03        		.uleb128 0x3
 502 00af 0E        		.uleb128 0xe
 503 00b0 49        		.uleb128 0x49
 504 00b1 13        		.uleb128 0x13
 505 00b2 34        		.uleb128 0x34
 506 00b3 0C        		.uleb128 0xc
 507 00b4 00        		.byte	0
 508 00b5 00        		.byte	0
 509 00b6 0E        		.uleb128 0xe
 510 00b7 26        		.uleb128 0x26
 511 00b8 00        		.byte	0
 512 00b9 49        		.uleb128 0x49
 513 00ba 13        		.uleb128 0x13
 514 00bb 00        		.byte	0
 515 00bc 00        		.byte	0
 516 00bd 0F        		.uleb128 0xf
 517 00be 2E        		.uleb128 0x2e
 518 00bf 01        		.byte	0x1
 519 00c0 31        		.uleb128 0x31
 520 00c1 13        		.uleb128 0x13
 521 00c2 8740      		.uleb128 0x2007
 522 00c4 0E        		.uleb128 0xe
 523 00c5 11        		.uleb128 0x11
 524 00c6 01        		.uleb128 0x1
 525 00c7 12        		.uleb128 0x12
 526 00c8 01        		.uleb128 0x1
 527 00c9 40        		.uleb128 0x40
 528 00ca 0A        		.uleb128 0xa
 529 00cb 64        		.uleb128 0x64
 530 00cc 13        		.uleb128 0x13
 531 00cd 9742      		.uleb128 0x2117
 532 00cf 0C        		.uleb128 0xc
 533 00d0 01        		.uleb128 0x1
 534 00d1 13        		.uleb128 0x13
 535 00d2 00        		.byte	0
 536 00d3 00        		.byte	0
 537 00d4 10        		.uleb128 0x10
 538 00d5 05        		.uleb128 0x5
 539 00d6 00        		.byte	0
 540 00d7 31        		.uleb128 0x31
 541 00d8 13        		.uleb128 0x13
 542 00d9 02        		.uleb128 0x2
 543 00da 06        		.uleb128 0x6
 544 00db 00        		.byte	0
 545 00dc 00        		.byte	0
 546 00dd 11        		.uleb128 0x11
 547 00de 2E        		.uleb128 0x2e
 548 00df 01        		.byte	0x1
 549 00e0 47        		.uleb128 0x47
 550 00e1 13        		.uleb128 0x13
 551 00e2 3A        		.uleb128 0x3a
 552 00e3 0B        		.uleb128 0xb
 553 00e4 20        		.uleb128 0x20
 554 00e5 0B        		.uleb128 0xb
 555 00e6 64        		.uleb128 0x64
 556 00e7 13        		.uleb128 0x13
GAS LISTING /var/folders/86/8ymzt0g934z5dpmztl89nd000000gn/T//ccITg1a2.s 			page 12


 557 00e8 01        		.uleb128 0x1
 558 00e9 13        		.uleb128 0x13
 559 00ea 00        		.byte	0
 560 00eb 00        		.byte	0
 561 00ec 12        		.uleb128 0x12
 562 00ed 05        		.uleb128 0x5
 563 00ee 00        		.byte	0
 564 00ef 31        		.uleb128 0x31
 565 00f0 13        		.uleb128 0x13
 566 00f1 02        		.uleb128 0x2
 567 00f2 0A        		.uleb128 0xa
 568 00f3 00        		.byte	0
 569 00f4 00        		.byte	0
 570 00f5 13        		.uleb128 0x13
 571 00f6 2E        		.uleb128 0x2e
 572 00f7 01        		.byte	0x1
 573 00f8 47        		.uleb128 0x47
 574 00f9 13        		.uleb128 0x13
 575 00fa 3A        		.uleb128 0x3a
 576 00fb 0B        		.uleb128 0xb
 577 00fc 3B        		.uleb128 0x3b
 578 00fd 0B        		.uleb128 0xb
 579 00fe 11        		.uleb128 0x11
 580 00ff 01        		.uleb128 0x1
 581 0100 12        		.uleb128 0x12
 582 0101 01        		.uleb128 0x1
 583 0102 40        		.uleb128 0x40
 584 0103 0A        		.uleb128 0xa
 585 0104 64        		.uleb128 0x64
 586 0105 13        		.uleb128 0x13
 587 0106 9742      		.uleb128 0x2117
 588 0108 0C        		.uleb128 0xc
 589 0109 00        		.byte	0
 590 010a 00        		.byte	0
 591 010b 14        		.uleb128 0x14
 592 010c 05        		.uleb128 0x5
 593 010d 00        		.byte	0
 594 010e 03        		.uleb128 0x3
 595 010f 0E        		.uleb128 0xe
 596 0110 49        		.uleb128 0x49
 597 0111 13        		.uleb128 0x13
 598 0112 34        		.uleb128 0x34
 599 0113 0C        		.uleb128 0xc
 600 0114 02        		.uleb128 0x2
 601 0115 06        		.uleb128 0x6
 602 0116 00        		.byte	0
 603 0117 00        		.byte	0
 604 0118 15        		.uleb128 0x15
 605 0119 05        		.uleb128 0x5
 606 011a 00        		.byte	0
 607 011b 03        		.uleb128 0x3
 608 011c 08        		.uleb128 0x8
 609 011d 3A        		.uleb128 0x3a
 610 011e 0B        		.uleb128 0xb
 611 011f 3B        		.uleb128 0x3b
 612 0120 0B        		.uleb128 0xb
 613 0121 49        		.uleb128 0x49
GAS LISTING /var/folders/86/8ymzt0g934z5dpmztl89nd000000gn/T//ccITg1a2.s 			page 13


 614 0122 13        		.uleb128 0x13
 615 0123 02        		.uleb128 0x2
 616 0124 06        		.uleb128 0x6
 617 0125 00        		.byte	0
 618 0126 00        		.byte	0
 619 0127 16        		.uleb128 0x16
 620 0128 0B        		.uleb128 0xb
 621 0129 01        		.byte	0x1
 622 012a 11        		.uleb128 0x11
 623 012b 01        		.uleb128 0x1
 624 012c 12        		.uleb128 0x12
 625 012d 01        		.uleb128 0x1
 626 012e 00        		.byte	0
 627 012f 00        		.byte	0
 628 0130 17        		.uleb128 0x17
 629 0131 34        		.uleb128 0x34
 630 0132 00        		.byte	0
 631 0133 03        		.uleb128 0x3
 632 0134 0E        		.uleb128 0xe
 633 0135 3A        		.uleb128 0x3a
 634 0136 0B        		.uleb128 0xb
 635 0137 3B        		.uleb128 0x3b
 636 0138 0B        		.uleb128 0xb
 637 0139 49        		.uleb128 0x49
 638 013a 13        		.uleb128 0x13
 639 013b 02        		.uleb128 0x2
 640 013c 06        		.uleb128 0x6
 641 013d 00        		.byte	0
 642 013e 00        		.byte	0
 643 013f 00        		.byte	0
 644               		.section	.debug_loc,"",@progbits
 645               	.Ldebug_loc0:
 646               	.LLST0:
 647 0000 0000 0000 		.long	.LVL0-.Ltext0
 648 0004 0600 0000 		.long	.LVL1-.Ltext0
 649 0008 0600      		.word	0x6
 650 000a 68        		.byte	0x68
 651 000b 93        		.byte	0x93
 652 000c 01        		.uleb128 0x1
 653 000d 69        		.byte	0x69
 654 000e 93        		.byte	0x93
 655 000f 01        		.uleb128 0x1
 656 0010 0600 0000 		.long	.LVL1-.Ltext0
 657 0014 0C00 0000 		.long	.LFE1-.Ltext0
 658 0018 0400      		.word	0x4
 659 001a F3        		.byte	0xf3
 660 001b 01        		.uleb128 0x1
 661 001c 68        		.byte	0x68
 662 001d 9F        		.byte	0x9f
 663 001e 0000 0000 		.long	0
 664 0022 0000 0000 		.long	0
 665               	.LLST1:
 666 0026 1200 0000 		.long	.LVL3-.Ltext0
 667 002a 1600 0000 		.long	.LVL4-.Ltext0
 668 002e 0600      		.word	0x6
 669 0030 68        		.byte	0x68
 670 0031 93        		.byte	0x93
GAS LISTING /var/folders/86/8ymzt0g934z5dpmztl89nd000000gn/T//ccITg1a2.s 			page 14


 671 0032 01        		.uleb128 0x1
 672 0033 69        		.byte	0x69
 673 0034 93        		.byte	0x93
 674 0035 01        		.uleb128 0x1
 675 0036 1600 0000 		.long	.LVL4-.Ltext0
 676 003a 5800 0000 		.long	.LFE6-.Ltext0
 677 003e 0400      		.word	0x4
 678 0040 F3        		.byte	0xf3
 679 0041 01        		.uleb128 0x1
 680 0042 68        		.byte	0x68
 681 0043 9F        		.byte	0x9f
 682 0044 0000 0000 		.long	0
 683 0048 0000 0000 		.long	0
 684               	.LLST2:
 685 004c 1200 0000 		.long	.LVL3-.Ltext0
 686 0050 2200 0000 		.long	.LVL5-.Ltext0
 687 0054 0100      		.word	0x1
 688 0056 66        		.byte	0x66
 689 0057 2200 0000 		.long	.LVL5-.Ltext0
 690 005b 5800 0000 		.long	.LFE6-.Ltext0
 691 005f 0400      		.word	0x4
 692 0061 F3        		.byte	0xf3
 693 0062 01        		.uleb128 0x1
 694 0063 66        		.byte	0x66
 695 0064 9F        		.byte	0x9f
 696 0065 0000 0000 		.long	0
 697 0069 0000 0000 		.long	0
 698               	.LLST3:
 699 006d 4800 0000 		.long	.LVL6-.Ltext0
 700 0071 4C00 0000 		.long	.LVL7-.Ltext0
 701 0075 0600      		.word	0x6
 702 0077 82        		.byte	0x82
 703 0078 00        		.sleb128 0
 704 0079 08        		.byte	0x8
 705 007a FF        		.byte	0xff
 706 007b 1A        		.byte	0x1a
 707 007c 9F        		.byte	0x9f
 708 007d 4C00 0000 		.long	.LVL7-.Ltext0
 709 0081 5200 0000 		.long	.LVL8-.Ltext0
 710 0085 0E00      		.word	0xe
 711 0087 88        		.byte	0x88
 712 0088 00        		.sleb128 0
 713 0089 08        		.byte	0x8
 714 008a FF        		.byte	0xff
 715 008b 1A        		.byte	0x1a
 716 008c 38        		.byte	0x38
 717 008d 24        		.byte	0x24
 718 008e 82        		.byte	0x82
 719 008f 00        		.sleb128 0
 720 0090 08        		.byte	0x8
 721 0091 FF        		.byte	0xff
 722 0092 1A        		.byte	0x1a
 723 0093 22        		.byte	0x22
 724 0094 9F        		.byte	0x9f
 725 0095 0000 0000 		.long	0
 726 0099 0000 0000 		.long	0
 727               		.section	.debug_aranges,"",@progbits
GAS LISTING /var/folders/86/8ymzt0g934z5dpmztl89nd000000gn/T//ccITg1a2.s 			page 15


 728 0000 1C00 0000 		.long	0x1c
 729 0004 0200      		.word	0x2
 730 0006 0000 0000 		.long	.Ldebug_info0
 731 000a 04        		.byte	0x4
 732 000b 00        		.byte	0
 733 000c 0000      		.word	0
 734 000e 0000      		.word	0
 735 0010 0000 0000 		.long	.Ltext0
 736 0014 5800 0000 		.long	.Letext0-.Ltext0
 737 0018 0000 0000 		.long	0
 738 001c 0000 0000 		.long	0
 739               		.section	.debug_line,"",@progbits
 740               	.Ldebug_line0:
 741 0000 8600 0000 		.section	.debug_str,"MS",@progbits,1
 741      0200 5E00 
 741      0000 0201 
 741      FB0E 0A00 
 741      0101 0101 
 742               	.LASF19:
 743 0000 6164 6356 		.string	"adcVal"
 743      616C 00
 744               	.LASF12:
 745 0007 5F5A 4E33 		.string	"_ZN3canC2Ev"
 745      6361 6E43 
 745      3245 7600 
 746               	.LASF14:
 747 0013 474E 5520 		.string	"GNU C++ 4.8.1 -mmcu=atmega324pa -g -Os -std=c++98 -fpack-struct -fshort-enums -funsigned-
 747      432B 2B20 
 747      342E 382E 
 747      3120 2D6D 
 747      6D63 753D 
 748               	.LASF1:
 749 00b6 756E 7369 		.string	"unsigned char"
 749      676E 6564 
 749      2063 6861 
 749      7200 
 750               	.LASF10:
 751 00c4 7468 6973 		.string	"this"
 751      00
 752               	.LASF13:
 753 00c9 5F5A 4E33 		.string	"_ZN3canD2Ev"
 753      6361 6E44 
 753      3245 7600 
 754               	.LASF6:
 755 00d5 6C6F 6E67 		.string	"long unsigned int"
 755      2075 6E73 
 755      6967 6E65 
 755      6420 696E 
 755      7400 
 756               	.LASF15:
 757 00e7 6361 6E2E 		.string	"can.cpp"
 757      6370 7000 
 758               	.LASF9:
 759 00ef 7E63 616E 		.string	"~can"
 759      00
 760               	.LASF16:
 761 00f4 2F55 7365 		.string	"/Users/Esteban/dev/robot-poly/lib_dir"
GAS LISTING /var/folders/86/8ymzt0g934z5dpmztl89nd000000gn/T//ccITg1a2.s 			page 16


 761      7273 2F45 
 761      7374 6562 
 761      616E 2F64 
 761      6576 2F72 
 762               	.LASF18:
 763 011a 5F5A 4E33 		.string	"_ZN3can7lectureEh"
 763      6361 6E37 
 763      6C65 6374 
 763      7572 6545 
 763      6800 
 764               	.LASF4:
 765 012c 756E 7369 		.string	"unsigned int"
 765      676E 6564 
 765      2069 6E74 
 765      00
 766               	.LASF8:
 767 0139 6C6F 6E67 		.string	"long long unsigned int"
 767      206C 6F6E 
 767      6720 756E 
 767      7369 676E 
 767      6564 2069 
 768               	.LASF2:
 769 0150 7569 6E74 		.string	"uint8_t"
 769      385F 7400 
 770               	.LASF7:
 771 0158 6C6F 6E67 		.string	"long long int"
 771      206C 6F6E 
 771      6720 696E 
 771      7400 
 772               	.LASF11:
 773 0166 5F5F 696E 		.string	"__in_chrg"
 773      5F63 6872 
 773      6700 
 774               	.LASF3:
 775 0170 7569 6E74 		.string	"uint16_t"
 775      3136 5F74 
 775      00
 776               	.LASF5:
 777 0179 6C6F 6E67 		.string	"long int"
 777      2069 6E74 
 777      00
 778               	.LASF0:
 779 0182 7369 676E 		.string	"signed char"
 779      6564 2063 
 779      6861 7200 
 780               	.LASF17:
 781 018e 6C65 6374 		.string	"lecture"
 781      7572 6500 
 782               		.ident	"GCC: (GNU) 4.8.1"
GAS LISTING /var/folders/86/8ymzt0g934z5dpmztl89nd000000gn/T//ccITg1a2.s 			page 17


DEFINED SYMBOLS
                            *ABS*:00000000 can.cpp
/var/folders/86/8ymzt0g934z5dpmztl89nd000000gn/T//ccITg1a2.s:2      *ABS*:0000003e __SP_H__
/var/folders/86/8ymzt0g934z5dpmztl89nd000000gn/T//ccITg1a2.s:3      *ABS*:0000003d __SP_L__
/var/folders/86/8ymzt0g934z5dpmztl89nd000000gn/T//ccITg1a2.s:4      *ABS*:0000003f __SREG__
/var/folders/86/8ymzt0g934z5dpmztl89nd000000gn/T//ccITg1a2.s:5      *ABS*:00000000 __tmp_reg__
/var/folders/86/8ymzt0g934z5dpmztl89nd000000gn/T//ccITg1a2.s:6      *ABS*:00000001 __zero_reg__
/var/folders/86/8ymzt0g934z5dpmztl89nd000000gn/T//ccITg1a2.s:12     .text:00000000 _ZN3canC2Ev
/var/folders/86/8ymzt0g934z5dpmztl89nd000000gn/T//ccITg1a2.s:12     .text:00000000 _ZN3canC1Ev
/var/folders/86/8ymzt0g934z5dpmztl89nd000000gn/T//ccITg1a2.s:38     .text:0000000c _ZN3canD2Ev
/var/folders/86/8ymzt0g934z5dpmztl89nd000000gn/T//ccITg1a2.s:38     .text:0000000c _ZN3canD1Ev
/var/folders/86/8ymzt0g934z5dpmztl89nd000000gn/T//ccITg1a2.s:59     .text:00000012 _ZN3can7lectureEh

NO UNDEFINED SYMBOLS
