GAS LISTING /var/folders/86/8ymzt0g934z5dpmztl89nd000000gn/T//cc0KwA1R.s 			page 1


   1               		.file	"lcd.cpp"
   2               	__SP_H__ = 0x3e
   3               	__SP_L__ = 0x3d
   4               	__SREG__ = 0x3f
   5               	__tmp_reg__ = 0
   6               	__zero_reg__ = 1
   7               		.text
   8               	.Ltext0:
   9               		.cfi_sections	.debug_frame
  10               	.global	_ZN4MenuD2Ev
  11               		.type	_ZN4MenuD2Ev, @function
  12               	_ZN4MenuD2Ev:
  13               	.LFB4:
  14               		.file 1 "lcd.cpp"
   1:lcd.cpp       **** 
   2:lcd.cpp       **** 
   3:lcd.cpp       **** 
   4:lcd.cpp       **** #include "lcd.h"
   5:lcd.cpp       **** 
   6:lcd.cpp       **** 
   7:lcd.cpp       **** Menu::Menu(LCM *display)
   8:lcd.cpp       **** {
   9:lcd.cpp       ****        menuState = mode1;
  10:lcd.cpp       ****        disp =  display;
  11:lcd.cpp       ****        afficherMenu();        
  12:lcd.cpp       **** }
  13:lcd.cpp       **** 
  14:lcd.cpp       **** 
  15:lcd.cpp       **** Menu::~Menu()
  15               		.loc 1 15 0
  16               		.cfi_startproc
  17               	.LVL0:
  18               	/* prologue: function */
  19               	/* frame size = 0 */
  20               	/* stack size = 0 */
  21               	.L__stack_usage = 0
  22 0000 0895      		ret
  23               		.cfi_endproc
  24               	.LFE4:
  25               		.size	_ZN4MenuD2Ev, .-_ZN4MenuD2Ev
  26               	.global	_ZN4MenuD1Ev
  27               		.set	_ZN4MenuD1Ev,_ZN4MenuD2Ev
  28               		.section	.rodata.str1.1,"aMS",@progbits,1
  29               	.LC0:
  30 0000 4D6F 6465 		.string	"Mode 1"
  30      2031 00
  31               	.LC1:
  32 0007 4D6F 6465 		.string	"Mode 2"
  32      2032 00
  33               	.LC2:
  34 000e 4D6F 6465 		.string	"Mode 3"
  34      2033 00
  35               		.text
  36               	.global	_ZN4Menu12afficherMenuEv
  37               		.type	_ZN4Menu12afficherMenuEv, @function
  38               	_ZN4Menu12afficherMenuEv:
  39               	.LFB7:
GAS LISTING /var/folders/86/8ymzt0g934z5dpmztl89nd000000gn/T//cc0KwA1R.s 			page 2


  16:lcd.cpp       **** {
  17:lcd.cpp       **** 
  18:lcd.cpp       **** }
  19:lcd.cpp       **** 
  20:lcd.cpp       **** void Menu::changeState()
  21:lcd.cpp       **** {
  22:lcd.cpp       ****         switch(menuState)
  23:lcd.cpp       ****         {
  24:lcd.cpp       ****                 case mode1:
  25:lcd.cpp       ****                         {       
  26:lcd.cpp       ****                                 menuState = mode2;
  27:lcd.cpp       ****                                 break;
  28:lcd.cpp       ****                         }
  29:lcd.cpp       ****                 case mode2:
  30:lcd.cpp       ****                         {
  31:lcd.cpp       ****                                 menuState = mode3;
  32:lcd.cpp       ****                                 break;
  33:lcd.cpp       ****                         }
  34:lcd.cpp       ****                 case mode3:
  35:lcd.cpp       ****                         {
  36:lcd.cpp       ****                                 menuState = mode4;
  37:lcd.cpp       ****                                 break;
  38:lcd.cpp       ****                         }
  39:lcd.cpp       ****                 case mode4:
  40:lcd.cpp       ****                         {
  41:lcd.cpp       ****                                 menuState = mode5;
  42:lcd.cpp       ****                                 break;
  43:lcd.cpp       ****                         }
  44:lcd.cpp       ****                 case mode5:
  45:lcd.cpp       ****                         {
  46:lcd.cpp       ****                                 menuState = mode6;
  47:lcd.cpp       ****                                 break;
  48:lcd.cpp       ****                         }
  49:lcd.cpp       ****                 case mode6:
  50:lcd.cpp       ****                         {
  51:lcd.cpp       ****                                 menuState = mode1;
  52:lcd.cpp       ****                                 break;    
  53:lcd.cpp       ****                         }
  54:lcd.cpp       ****         }  
  55:lcd.cpp       ****         afficherMenu();
  56:lcd.cpp       **** }
  57:lcd.cpp       **** 
  58:lcd.cpp       **** void Menu::afficherMenu()
  59:lcd.cpp       **** {
  40               		.loc 1 59 0
  41               		.cfi_startproc
  42               	.LVL1:
  43               		.loc 1 59 0
  44 0002 CF93      		push r28
  45               	.LCFI0:
  46               		.cfi_def_cfa_offset 3
  47               		.cfi_offset 28, -2
  48 0004 DF93      		push r29
  49               	.LCFI1:
  50               		.cfi_def_cfa_offset 4
  51               		.cfi_offset 29, -3
  52               	/* prologue: function */
GAS LISTING /var/folders/86/8ymzt0g934z5dpmztl89nd000000gn/T//cc0KwA1R.s 			page 3


  53               	/* frame size = 0 */
  54               	/* stack size = 2 */
  55               	.L__stack_usage = 2
  56 0006 EC01      		movw r28,r24
  60:lcd.cpp       ****         
  61:lcd.cpp       ****         disp->clear();
  57               		.loc 1 61 0
  58 0008 8981      		ldd r24,Y+1
  59 000a 9A81      		ldd r25,Y+2
  60               	.LVL2:
  61 000c 0E94 0000 		call _ZN3LCM5clearEv
  62               	.LVL3:
  62:lcd.cpp       ****         switch(menuState)
  63               		.loc 1 62 0
  64 0010 2881      		ld r18,Y
  65 0012 2430      		cpi r18,lo8(4)
  66 0014 00F4      		brsh .L5
  67 0016 8981      		ldd r24,Y+1
  68 0018 9A81      		ldd r25,Y+2
  69 001a 2230      		cpi r18,lo8(2)
  70 001c 00F4      		brsh .L13
  71               	.LVL4:
  72               	.LBB4:
  73               	.LBB5:
  63:lcd.cpp       ****         {
  64:lcd.cpp       ****              case mode1:
  65:lcd.cpp       ****              case mode2:
  66:lcd.cpp       ****                    {
  67:lcd.cpp       ****                            disp->write("Mode 1");
  74               		.loc 1 67 0
  75 001e 20E0      		ldi r18,0
  76 0020 40E0      		ldi r20,0
  77 0022 60E0      		ldi r22,lo8(.LC0)
  78 0024 70E0      		ldi r23,hi8(.LC0)
  79 0026 00C0      		rjmp .L11
  80               	.LVL5:
  81               	.L5:
  82               	.LBE5:
  83               	.LBE4:
  62:lcd.cpp       ****         switch(menuState)
  84               		.loc 1 62 0
  85 0028 2630      		cpi r18,lo8(6)
  86 002a 00F4      		brsh .L14
  68:lcd.cpp       ****                            break;
  69:lcd.cpp       ****                    }
  70:lcd.cpp       ****              case mode3:
  71:lcd.cpp       ****              case mode4:
  72:lcd.cpp       ****                    {
  73:lcd.cpp       ****                            disp->write("Mode 2");
  74:lcd.cpp       ****                            break;
  75:lcd.cpp       ****                    }
  76:lcd.cpp       ****              case mode5:
  77:lcd.cpp       ****              case mode6:
  78:lcd.cpp       ****                    {
  79:lcd.cpp       ****                             disp->write("Mode 3");
  87               		.loc 1 79 0
  88 002c 20E0      		ldi r18,0
GAS LISTING /var/folders/86/8ymzt0g934z5dpmztl89nd000000gn/T//cc0KwA1R.s 			page 4


  89 002e 40E0      		ldi r20,0
  90 0030 60E0      		ldi r22,lo8(.LC2)
  91 0032 70E0      		ldi r23,hi8(.LC2)
  92 0034 8981      		ldd r24,Y+1
  93 0036 9A81      		ldd r25,Y+2
  94 0038 00C0      		rjmp .L11
  95               	.L13:
  73:lcd.cpp       ****                            disp->write("Mode 2");
  96               		.loc 1 73 0
  97 003a 20E0      		ldi r18,0
  98 003c 40E0      		ldi r20,0
  99 003e 60E0      		ldi r22,lo8(.LC1)
 100 0040 70E0      		ldi r23,hi8(.LC1)
 101               	.L11:
 102               	/* epilogue start */
  80:lcd.cpp       ****                             break;
  81:lcd.cpp       ****                    }
  82:lcd.cpp       ****         }
  83:lcd.cpp       **** }
 103               		.loc 1 83 0
 104 0042 DF91      		pop r29
 105 0044 CF91      		pop r28
 106               	.LVL6:
  79:lcd.cpp       ****                             disp->write("Mode 3");
 107               		.loc 1 79 0
 108 0046 0C94 0000 		jmp _ZN3LCM5writeEPKchb
 109               	.LVL7:
 110               	.L14:
 111               	/* epilogue start */
 112               		.loc 1 83 0
 113 004a DF91      		pop r29
 114 004c CF91      		pop r28
 115               	.LVL8:
 116 004e 0895      		ret
 117               		.cfi_endproc
 118               	.LFE7:
 119               		.size	_ZN4Menu12afficherMenuEv, .-_ZN4Menu12afficherMenuEv
 120               	.global	_ZN4MenuC2EP3LCM
 121               		.type	_ZN4MenuC2EP3LCM, @function
 122               	_ZN4MenuC2EP3LCM:
 123               	.LFB1:
   7:lcd.cpp       **** Menu::Menu(LCM *display)
 124               		.loc 1 7 0
 125               		.cfi_startproc
 126               	.LVL9:
 127               	/* prologue: function */
 128               	/* frame size = 0 */
 129               	/* stack size = 0 */
 130               	.L__stack_usage = 0
 131               	.LBB6:
   9:lcd.cpp       ****        menuState = mode1;
 132               		.loc 1 9 0
 133 0050 FC01      		movw r30,r24
 134 0052 1082      		st Z,__zero_reg__
  10:lcd.cpp       ****        disp =  display;
 135               		.loc 1 10 0
 136 0054 7283      		std Z+2,r23
GAS LISTING /var/folders/86/8ymzt0g934z5dpmztl89nd000000gn/T//cc0KwA1R.s 			page 5


 137 0056 6183      		std Z+1,r22
  11:lcd.cpp       ****        afficherMenu();        
 138               		.loc 1 11 0
 139 0058 0C94 0000 		jmp _ZN4Menu12afficherMenuEv
 140               	.LVL10:
 141               	.LBE6:
 142               		.cfi_endproc
 143               	.LFE1:
 144               		.size	_ZN4MenuC2EP3LCM, .-_ZN4MenuC2EP3LCM
 145               	.global	_ZN4MenuC1EP3LCM
 146               		.set	_ZN4MenuC1EP3LCM,_ZN4MenuC2EP3LCM
 147               	.global	_ZN4Menu11changeStateEv
 148               		.type	_ZN4Menu11changeStateEv, @function
 149               	_ZN4Menu11changeStateEv:
 150               	.LFB6:
  21:lcd.cpp       **** {
 151               		.loc 1 21 0
 152               		.cfi_startproc
 153               	.LVL11:
 154               	/* prologue: function */
 155               	/* frame size = 0 */
 156               	/* stack size = 0 */
 157               	.L__stack_usage = 0
 158 005c FC01      		movw r30,r24
  22:lcd.cpp       ****         switch(menuState)
 159               		.loc 1 22 0
 160 005e 8081      		ld r24,Z
 161               	.LVL12:
 162 0060 8230      		cpi r24,lo8(2)
 163 0062 01F0      		breq .L18
 164 0064 00F4      		brsh .L19
 165 0066 8823      		tst r24
 166 0068 01F0      		breq .L20
 167 006a 8130      		cpi r24,lo8(1)
 168 006c 01F4      		brne .L17
  31:lcd.cpp       ****                                 menuState = mode3;
 169               		.loc 1 31 0
 170 006e 82E0      		ldi r24,lo8(2)
 171 0070 00C0      		rjmp .L25
 172               	.L19:
  22:lcd.cpp       ****         switch(menuState)
 173               		.loc 1 22 0
 174 0072 8430      		cpi r24,lo8(4)
 175 0074 01F0      		breq .L22
 176 0076 00F0      		brlo .L23
 177 0078 8530      		cpi r24,lo8(5)
 178 007a 01F4      		brne .L17
  51:lcd.cpp       ****                                 menuState = mode1;
 179               		.loc 1 51 0
 180 007c 1082      		st Z,__zero_reg__
  52:lcd.cpp       ****                                 break;    
 181               		.loc 1 52 0
 182 007e 00C0      		rjmp .L17
 183               	.L20:
  26:lcd.cpp       ****                                 menuState = mode2;
 184               		.loc 1 26 0
 185 0080 81E0      		ldi r24,lo8(1)
GAS LISTING /var/folders/86/8ymzt0g934z5dpmztl89nd000000gn/T//cc0KwA1R.s 			page 6


 186 0082 00C0      		rjmp .L25
 187               	.L18:
  36:lcd.cpp       ****                                 menuState = mode4;
 188               		.loc 1 36 0
 189 0084 83E0      		ldi r24,lo8(3)
 190               	.L25:
  31:lcd.cpp       ****                                 menuState = mode3;
 191               		.loc 1 31 0
 192 0086 8083      		st Z,r24
  32:lcd.cpp       ****                                 break;
 193               		.loc 1 32 0
 194 0088 00C0      		rjmp .L17
 195               	.L23:
  41:lcd.cpp       ****                                 menuState = mode5;
 196               		.loc 1 41 0
 197 008a 84E0      		ldi r24,lo8(4)
 198 008c 00C0      		rjmp .L25
 199               	.L22:
  46:lcd.cpp       ****                                 menuState = mode6;
 200               		.loc 1 46 0
 201 008e 85E0      		ldi r24,lo8(5)
 202 0090 00C0      		rjmp .L25
 203               	.L17:
  55:lcd.cpp       ****         afficherMenu();
 204               		.loc 1 55 0
 205 0092 CF01      		movw r24,r30
 206 0094 0C94 0000 		jmp _ZN4Menu12afficherMenuEv
 207               	.LVL13:
 208               		.cfi_endproc
 209               	.LFE6:
 210               		.size	_ZN4Menu11changeStateEv, .-_ZN4Menu11changeStateEv
 211               	.global	_ZN4Menu10validationEv
 212               		.type	_ZN4Menu10validationEv, @function
 213               	_ZN4Menu10validationEv:
 214               	.LFB8:
  84:lcd.cpp       **** 
  85:lcd.cpp       **** uint8_t Menu::validation()
  86:lcd.cpp       **** {
 215               		.loc 1 86 0
 216               		.cfi_startproc
 217               	.LVL14:
 218               	/* prologue: function */
 219               	/* frame size = 0 */
 220               	/* stack size = 0 */
 221               	.L__stack_usage = 0
  87:lcd.cpp       ****         switch(menuState)
 222               		.loc 1 87 0
 223 0098 FC01      		movw r30,r24
 224 009a 8081      		ld r24,Z
 225               	.LVL15:
 226 009c 8430      		cpi r24,lo8(4)
 227 009e 00F4      		brsh .L28
 228 00a0 8230      		cpi r24,lo8(2)
 229 00a2 00F4      		brsh .L34
  88:lcd.cpp       ****         {
  89:lcd.cpp       ****              case mode1:
  90:lcd.cpp       ****              case mode2:
GAS LISTING /var/folders/86/8ymzt0g934z5dpmztl89nd000000gn/T//cc0KwA1R.s 			page 7


  91:lcd.cpp       ****                    {
  92:lcd.cpp       ****                            return 1;
 230               		.loc 1 92 0
 231 00a4 81E0      		ldi r24,lo8(1)
 232 00a6 0895      		ret
 233               	.L28:
  87:lcd.cpp       ****         switch(menuState)
 234               		.loc 1 87 0
 235 00a8 8630      		cpi r24,lo8(6)
 236 00aa 00F4      		brsh .L27
  93:lcd.cpp       ****                            break;
  94:lcd.cpp       ****                    }
  95:lcd.cpp       ****              case mode3:
  96:lcd.cpp       ****              case mode4:
  97:lcd.cpp       ****                    {
  98:lcd.cpp       ****                            return 2;
  99:lcd.cpp       ****                            break;
 100:lcd.cpp       ****                    }
 101:lcd.cpp       ****              case mode5:
 102:lcd.cpp       ****              case mode6:
 103:lcd.cpp       ****                    {
 104:lcd.cpp       ****                             return 3;
 237               		.loc 1 104 0
 238 00ac 83E0      		ldi r24,lo8(3)
 239 00ae 0895      		ret
 240               	.L27:
 241 00b0 0895      		ret
 242               	.L34:
  98:lcd.cpp       ****                            return 2;
 243               		.loc 1 98 0
 244 00b2 82E0      		ldi r24,lo8(2)
 105:lcd.cpp       ****                             break;
 106:lcd.cpp       ****                    }
 107:lcd.cpp       ****         }
 108:lcd.cpp       ****         
 109:lcd.cpp       **** }
 245               		.loc 1 109 0
 246 00b4 0895      		ret
 247               		.cfi_endproc
 248               	.LFE8:
 249               		.size	_ZN4Menu10validationEv, .-_ZN4Menu10validationEv
 250               	.Letext0:
 251               		.file 2 "/usr/local/CrossPack-AVR-20131216/avr/include/stdint.h"
 252               		.file 3 "lcm_so1602dtr_m_fw.h"
 253               		.file 4 "lcd.h"
 254               		.section	.debug_info,"",@progbits
 255               	.Ldebug_info0:
 256 0000 5006 0000 		.long	0x650
 257 0004 0200      		.word	0x2
 258 0006 0000 0000 		.long	.Ldebug_abbrev0
 259 000a 04        		.byte	0x4
 260 000b 01        		.uleb128 0x1
 261 000c 0000 0000 		.long	.LASF65
 262 0010 04        		.byte	0x4
 263 0011 0000 0000 		.long	.LASF66
 264 0015 0000 0000 		.long	.LASF67
 265 0019 0000 0000 		.long	.Ltext0
GAS LISTING /var/folders/86/8ymzt0g934z5dpmztl89nd000000gn/T//cc0KwA1R.s 			page 8


 266 001d 0000 0000 		.long	.Letext0
 267 0021 0000 0000 		.long	.Ldebug_line0
 268 0025 02        		.uleb128 0x2
 269 0026 01        		.byte	0x1
 270 0027 06        		.byte	0x6
 271 0028 0000 0000 		.long	.LASF0
 272 002c 03        		.uleb128 0x3
 273 002d 0000 0000 		.long	.LASF2
 274 0031 02        		.byte	0x2
 275 0032 7A        		.byte	0x7a
 276 0033 3700 0000 		.long	0x37
 277 0037 02        		.uleb128 0x2
 278 0038 01        		.byte	0x1
 279 0039 08        		.byte	0x8
 280 003a 0000 0000 		.long	.LASF1
 281 003e 03        		.uleb128 0x3
 282 003f 0000 0000 		.long	.LASF3
 283 0043 02        		.byte	0x2
 284 0044 7B        		.byte	0x7b
 285 0045 4900 0000 		.long	0x49
 286 0049 04        		.uleb128 0x4
 287 004a 02        		.byte	0x2
 288 004b 05        		.byte	0x5
 289 004c 696E 7400 		.string	"int"
 290 0050 03        		.uleb128 0x3
 291 0051 0000 0000 		.long	.LASF4
 292 0055 02        		.byte	0x2
 293 0056 7C        		.byte	0x7c
 294 0057 5B00 0000 		.long	0x5b
 295 005b 02        		.uleb128 0x2
 296 005c 02        		.byte	0x2
 297 005d 07        		.byte	0x7
 298 005e 0000 0000 		.long	.LASF5
 299 0062 02        		.uleb128 0x2
 300 0063 04        		.byte	0x4
 301 0064 05        		.byte	0x5
 302 0065 0000 0000 		.long	.LASF6
 303 0069 02        		.uleb128 0x2
 304 006a 04        		.byte	0x4
 305 006b 07        		.byte	0x7
 306 006c 0000 0000 		.long	.LASF7
 307 0070 02        		.uleb128 0x2
 308 0071 08        		.byte	0x8
 309 0072 05        		.byte	0x5
 310 0073 0000 0000 		.long	.LASF8
 311 0077 02        		.uleb128 0x2
 312 0078 08        		.byte	0x8
 313 0079 07        		.byte	0x7
 314 007a 0000 0000 		.long	.LASF9
 315 007e 05        		.uleb128 0x5
 316 007f 4C43 4D00 		.string	"LCM"
 317 0083 0A        		.byte	0xa
 318 0084 03        		.byte	0x3
 319 0085 21        		.byte	0x21
 320 0086 7703 0000 		.long	0x377
 321 008a 06        		.uleb128 0x6
 322 008b 0000 0000 		.long	.LASF10
GAS LISTING /var/folders/86/8ymzt0g934z5dpmztl89nd000000gn/T//cc0KwA1R.s 			page 9


 323 008f 03        		.byte	0x3
 324 0090 35        		.byte	0x35
 325 0091 2C00 0000 		.long	0x2c
 326 0095 02        		.byte	0x2
 327 0096 23        		.byte	0x23
 328 0097 00        		.uleb128 0
 329 0098 03        		.byte	0x3
 330 0099 06        		.uleb128 0x6
 331 009a 0000 0000 		.long	.LASF11
 332 009e 03        		.byte	0x3
 333 009f 36        		.byte	0x36
 334 00a0 2C00 0000 		.long	0x2c
 335 00a4 02        		.byte	0x2
 336 00a5 23        		.byte	0x23
 337 00a6 01        		.uleb128 0x1
 338 00a7 03        		.byte	0x3
 339 00a8 06        		.uleb128 0x6
 340 00a9 0000 0000 		.long	.LASF12
 341 00ad 03        		.byte	0x3
 342 00ae 38        		.byte	0x38
 343 00af 7703 0000 		.long	0x377
 344 00b3 02        		.byte	0x2
 345 00b4 23        		.byte	0x23
 346 00b5 02        		.uleb128 0x2
 347 00b6 03        		.byte	0x3
 348 00b7 06        		.uleb128 0x6
 349 00b8 0000 0000 		.long	.LASF13
 350 00bc 03        		.byte	0x3
 351 00bd 39        		.byte	0x39
 352 00be 7703 0000 		.long	0x377
 353 00c2 02        		.byte	0x2
 354 00c3 23        		.byte	0x23
 355 00c4 03        		.uleb128 0x3
 356 00c5 03        		.byte	0x3
 357 00c6 06        		.uleb128 0x6
 358 00c7 0000 0000 		.long	.LASF14
 359 00cb 03        		.byte	0x3
 360 00cc 3A        		.byte	0x3a
 361 00cd 7E03 0000 		.long	0x37e
 362 00d1 02        		.byte	0x2
 363 00d2 23        		.byte	0x23
 364 00d3 04        		.uleb128 0x4
 365 00d4 03        		.byte	0x3
 366 00d5 06        		.uleb128 0x6
 367 00d6 0000 0000 		.long	.LASF15
 368 00da 03        		.byte	0x3
 369 00db 3B        		.byte	0x3b
 370 00dc 8903 0000 		.long	0x389
 371 00e0 02        		.byte	0x2
 372 00e1 23        		.byte	0x23
 373 00e2 06        		.uleb128 0x6
 374 00e3 03        		.byte	0x3
 375 00e4 06        		.uleb128 0x6
 376 00e5 0000 0000 		.long	.LASF16
 377 00e9 03        		.byte	0x3
 378 00ea 3C        		.byte	0x3c
 379 00eb 7703 0000 		.long	0x377
GAS LISTING /var/folders/86/8ymzt0g934z5dpmztl89nd000000gn/T//cc0KwA1R.s 			page 10


 380 00ef 02        		.byte	0x2
 381 00f0 23        		.byte	0x23
 382 00f1 08        		.uleb128 0x8
 383 00f2 03        		.byte	0x3
 384 00f3 07        		.uleb128 0x7
 385 00f4 5F6C 6900 		.string	"_li"
 386 00f8 03        		.byte	0x3
 387 00f9 3D        		.byte	0x3d
 388 00fa 2C00 0000 		.long	0x2c
 389 00fe 02        		.byte	0x2
 390 00ff 23        		.byte	0x23
 391 0100 09        		.uleb128 0x9
 392 0101 03        		.byte	0x3
 393 0102 08        		.uleb128 0x8
 394 0103 01        		.byte	0x1
 395 0104 4C43 4D00 		.string	"LCM"
 396 0108 03        		.byte	0x3
 397 0109 23        		.byte	0x23
 398 010a 01        		.byte	0x1
 399 010b 1301 0000 		.long	0x113
 400 010f 2401 0000 		.long	0x124
 401 0113 09        		.uleb128 0x9
 402 0114 9603 0000 		.long	0x396
 403 0118 01        		.byte	0x1
 404 0119 0A        		.uleb128 0xa
 405 011a 7E03 0000 		.long	0x37e
 406 011e 0A        		.uleb128 0xa
 407 011f 7E03 0000 		.long	0x37e
 408 0123 00        		.byte	0
 409 0124 0B        		.uleb128 0xb
 410 0125 01        		.byte	0x1
 411 0126 0000 0000 		.long	.LASF17
 412 012a 03        		.byte	0x3
 413 012b 24        		.byte	0x24
 414 012c 01        		.byte	0x1
 415 012d 3501 0000 		.long	0x135
 416 0131 4201 0000 		.long	0x142
 417 0135 09        		.uleb128 0x9
 418 0136 9603 0000 		.long	0x396
 419 013a 01        		.byte	0x1
 420 013b 09        		.uleb128 0x9
 421 013c 4900 0000 		.long	0x49
 422 0140 01        		.byte	0x1
 423 0141 00        		.byte	0
 424 0142 0C        		.uleb128 0xc
 425 0143 01        		.byte	0x1
 426 0144 7075 7400 		.string	"put"
 427 0148 03        		.byte	0x3
 428 0149 25        		.byte	0x25
 429 014a 0000 0000 		.long	.LASF68
 430 014e 9C03 0000 		.long	0x39c
 431 0152 01        		.byte	0x1
 432 0153 5B01 0000 		.long	0x15b
 433 0157 6701 0000 		.long	0x167
 434 015b 09        		.uleb128 0x9
 435 015c 9603 0000 		.long	0x396
 436 0160 01        		.byte	0x1
GAS LISTING /var/folders/86/8ymzt0g934z5dpmztl89nd000000gn/T//cc0KwA1R.s 			page 11


 437 0161 0A        		.uleb128 0xa
 438 0162 8F03 0000 		.long	0x38f
 439 0166 00        		.byte	0
 440 0167 0D        		.uleb128 0xd
 441 0168 01        		.byte	0x1
 442 0169 0000 0000 		.long	.LASF18
 443 016d 03        		.byte	0x3
 444 016e 26        		.byte	0x26
 445 016f 0000 0000 		.long	.LASF20
 446 0173 01        		.byte	0x1
 447 0174 7C01 0000 		.long	0x17c
 448 0178 9201 0000 		.long	0x192
 449 017c 09        		.uleb128 0x9
 450 017d 9603 0000 		.long	0x396
 451 0181 01        		.byte	0x1
 452 0182 0A        		.uleb128 0xa
 453 0183 A203 0000 		.long	0x3a2
 454 0187 0A        		.uleb128 0xa
 455 0188 2C00 0000 		.long	0x2c
 456 018c 0A        		.uleb128 0xa
 457 018d 7703 0000 		.long	0x377
 458 0191 00        		.byte	0
 459 0192 0D        		.uleb128 0xd
 460 0193 01        		.byte	0x1
 461 0194 0000 0000 		.long	.LASF19
 462 0198 03        		.byte	0x3
 463 0199 27        		.byte	0x27
 464 019a 0000 0000 		.long	.LASF21
 465 019e 01        		.byte	0x1
 466 019f A701 0000 		.long	0x1a7
 467 01a3 AE01 0000 		.long	0x1ae
 468 01a7 09        		.uleb128 0x9
 469 01a8 9603 0000 		.long	0x396
 470 01ac 01        		.byte	0x1
 471 01ad 00        		.byte	0
 472 01ae 0D        		.uleb128 0xd
 473 01af 01        		.byte	0x1
 474 01b0 0000 0000 		.long	.LASF22
 475 01b4 03        		.byte	0x3
 476 01b5 28        		.byte	0x28
 477 01b6 0000 0000 		.long	.LASF23
 478 01ba 01        		.byte	0x1
 479 01bb C301 0000 		.long	0x1c3
 480 01bf D401 0000 		.long	0x1d4
 481 01c3 09        		.uleb128 0x9
 482 01c4 9603 0000 		.long	0x396
 483 01c8 01        		.byte	0x1
 484 01c9 0A        		.uleb128 0xa
 485 01ca 2C00 0000 		.long	0x2c
 486 01ce 0A        		.uleb128 0xa
 487 01cf AD03 0000 		.long	0x3ad
 488 01d3 00        		.byte	0
 489 01d4 0D        		.uleb128 0xd
 490 01d5 01        		.byte	0x1
 491 01d6 0000 0000 		.long	.LASF24
 492 01da 03        		.byte	0x3
 493 01db 29        		.byte	0x29
GAS LISTING /var/folders/86/8ymzt0g934z5dpmztl89nd000000gn/T//cc0KwA1R.s 			page 12


 494 01dc 0000 0000 		.long	.LASF25
 495 01e0 01        		.byte	0x1
 496 01e1 E901 0000 		.long	0x1e9
 497 01e5 F501 0000 		.long	0x1f5
 498 01e9 09        		.uleb128 0x9
 499 01ea 9603 0000 		.long	0x396
 500 01ee 01        		.byte	0x1
 501 01ef 0A        		.uleb128 0xa
 502 01f0 7703 0000 		.long	0x377
 503 01f4 00        		.byte	0
 504 01f5 0D        		.uleb128 0xd
 505 01f6 01        		.byte	0x1
 506 01f7 0000 0000 		.long	.LASF26
 507 01fb 03        		.byte	0x3
 508 01fc 2A        		.byte	0x2a
 509 01fd 0000 0000 		.long	.LASF27
 510 0201 01        		.byte	0x1
 511 0202 0A02 0000 		.long	0x20a
 512 0206 1602 0000 		.long	0x216
 513 020a 09        		.uleb128 0x9
 514 020b 9603 0000 		.long	0x396
 515 020f 01        		.byte	0x1
 516 0210 0A        		.uleb128 0xa
 517 0211 7703 0000 		.long	0x377
 518 0215 00        		.byte	0
 519 0216 0D        		.uleb128 0xd
 520 0217 01        		.byte	0x1
 521 0218 0000 0000 		.long	.LASF28
 522 021c 03        		.byte	0x3
 523 021d 2B        		.byte	0x2b
 524 021e 0000 0000 		.long	.LASF29
 525 0222 01        		.byte	0x1
 526 0223 2B02 0000 		.long	0x22b
 527 0227 3702 0000 		.long	0x237
 528 022b 09        		.uleb128 0x9
 529 022c 9603 0000 		.long	0x396
 530 0230 01        		.byte	0x1
 531 0231 0A        		.uleb128 0xa
 532 0232 2C00 0000 		.long	0x2c
 533 0236 00        		.byte	0
 534 0237 0E        		.uleb128 0xe
 535 0238 01        		.byte	0x1
 536 0239 0000 0000 		.long	.LASF30
 537 023d 03        		.byte	0x3
 538 023e 2C        		.byte	0x2c
 539 023f 0000 0000 		.long	.LASF31
 540 0243 9C03 0000 		.long	0x39c
 541 0247 01        		.byte	0x1
 542 0248 5002 0000 		.long	0x250
 543 024c 5C02 0000 		.long	0x25c
 544 0250 09        		.uleb128 0x9
 545 0251 9603 0000 		.long	0x396
 546 0255 01        		.byte	0x1
 547 0256 0A        		.uleb128 0xa
 548 0257 A203 0000 		.long	0x3a2
 549 025b 00        		.byte	0
 550 025c 0E        		.uleb128 0xe
GAS LISTING /var/folders/86/8ymzt0g934z5dpmztl89nd000000gn/T//cc0KwA1R.s 			page 13


 551 025d 01        		.byte	0x1
 552 025e 0000 0000 		.long	.LASF30
 553 0262 03        		.byte	0x3
 554 0263 2D        		.byte	0x2d
 555 0264 0000 0000 		.long	.LASF32
 556 0268 9C03 0000 		.long	0x39c
 557 026c 01        		.byte	0x1
 558 026d 7502 0000 		.long	0x275
 559 0271 8102 0000 		.long	0x281
 560 0275 09        		.uleb128 0x9
 561 0276 9603 0000 		.long	0x396
 562 027a 01        		.byte	0x1
 563 027b 0A        		.uleb128 0xa
 564 027c 5000 0000 		.long	0x50
 565 0280 00        		.byte	0
 566 0281 0E        		.uleb128 0xe
 567 0282 01        		.byte	0x1
 568 0283 0000 0000 		.long	.LASF30
 569 0287 03        		.byte	0x3
 570 0288 2E        		.byte	0x2e
 571 0289 0000 0000 		.long	.LASF33
 572 028d 9C03 0000 		.long	0x39c
 573 0291 01        		.byte	0x1
 574 0292 9A02 0000 		.long	0x29a
 575 0296 A602 0000 		.long	0x2a6
 576 029a 09        		.uleb128 0x9
 577 029b 9603 0000 		.long	0x396
 578 029f 01        		.byte	0x1
 579 02a0 0A        		.uleb128 0xa
 580 02a1 3E00 0000 		.long	0x3e
 581 02a5 00        		.byte	0
 582 02a6 0E        		.uleb128 0xe
 583 02a7 01        		.byte	0x1
 584 02a8 0000 0000 		.long	.LASF30
 585 02ac 03        		.byte	0x3
 586 02ad 2F        		.byte	0x2f
 587 02ae 0000 0000 		.long	.LASF34
 588 02b2 9C03 0000 		.long	0x39c
 589 02b6 01        		.byte	0x1
 590 02b7 BF02 0000 		.long	0x2bf
 591 02bb CB02 0000 		.long	0x2cb
 592 02bf 09        		.uleb128 0x9
 593 02c0 9603 0000 		.long	0x396
 594 02c4 01        		.byte	0x1
 595 02c5 0A        		.uleb128 0xa
 596 02c6 8F03 0000 		.long	0x38f
 597 02ca 00        		.byte	0
 598 02cb 0E        		.uleb128 0xe
 599 02cc 01        		.byte	0x1
 600 02cd 0000 0000 		.long	.LASF35
 601 02d1 03        		.byte	0x3
 602 02d2 30        		.byte	0x30
 603 02d3 0000 0000 		.long	.LASF36
 604 02d7 A203 0000 		.long	0x3a2
 605 02db 01        		.byte	0x1
 606 02dc E402 0000 		.long	0x2e4
 607 02e0 F002 0000 		.long	0x2f0
GAS LISTING /var/folders/86/8ymzt0g934z5dpmztl89nd000000gn/T//cc0KwA1R.s 			page 14


 608 02e4 09        		.uleb128 0x9
 609 02e5 9603 0000 		.long	0x396
 610 02e9 01        		.byte	0x1
 611 02ea 0A        		.uleb128 0xa
 612 02eb A203 0000 		.long	0x3a2
 613 02ef 00        		.byte	0
 614 02f0 0E        		.uleb128 0xe
 615 02f1 01        		.byte	0x1
 616 02f2 0000 0000 		.long	.LASF37
 617 02f6 03        		.byte	0x3
 618 02f7 31        		.byte	0x31
 619 02f8 0000 0000 		.long	.LASF38
 620 02fc 9C03 0000 		.long	0x39c
 621 0300 01        		.byte	0x1
 622 0301 0903 0000 		.long	0x309
 623 0305 1503 0000 		.long	0x315
 624 0309 09        		.uleb128 0x9
 625 030a 9603 0000 		.long	0x396
 626 030e 01        		.byte	0x1
 627 030f 0A        		.uleb128 0xa
 628 0310 2C00 0000 		.long	0x2c
 629 0314 00        		.byte	0
 630 0315 0D        		.uleb128 0xd
 631 0316 01        		.byte	0x1
 632 0317 0000 0000 		.long	.LASF39
 633 031b 03        		.byte	0x3
 634 031c 32        		.byte	0x32
 635 031d 0000 0000 		.long	.LASF40
 636 0321 01        		.byte	0x1
 637 0322 2A03 0000 		.long	0x32a
 638 0326 3603 0000 		.long	0x336
 639 032a 09        		.uleb128 0x9
 640 032b 9603 0000 		.long	0x396
 641 032f 01        		.byte	0x1
 642 0330 0A        		.uleb128 0xa
 643 0331 2C00 0000 		.long	0x2c
 644 0335 00        		.byte	0
 645 0336 0F        		.uleb128 0xf
 646 0337 01        		.byte	0x1
 647 0338 4C43 4D00 		.string	"LCM"
 648 033c 03        		.byte	0x3
 649 033d 40        		.byte	0x40
 650 033e 03        		.byte	0x3
 651 033f 01        		.byte	0x1
 652 0340 4803 0000 		.long	0x348
 653 0344 5403 0000 		.long	0x354
 654 0348 09        		.uleb128 0x9
 655 0349 9603 0000 		.long	0x396
 656 034d 01        		.byte	0x1
 657 034e 0A        		.uleb128 0xa
 658 034f B803 0000 		.long	0x3b8
 659 0353 00        		.byte	0
 660 0354 10        		.uleb128 0x10
 661 0355 01        		.byte	0x1
 662 0356 0000 0000 		.long	.LASF35
 663 035a 03        		.byte	0x3
 664 035b 41        		.byte	0x41
GAS LISTING /var/folders/86/8ymzt0g934z5dpmztl89nd000000gn/T//cc0KwA1R.s 			page 15


 665 035c 0000 0000 		.long	.LASF41
 666 0360 9C03 0000 		.long	0x39c
 667 0364 03        		.byte	0x3
 668 0365 01        		.byte	0x1
 669 0366 6A03 0000 		.long	0x36a
 670 036a 09        		.uleb128 0x9
 671 036b 9603 0000 		.long	0x396
 672 036f 01        		.byte	0x1
 673 0370 0A        		.uleb128 0xa
 674 0371 B803 0000 		.long	0x3b8
 675 0375 00        		.byte	0
 676 0376 00        		.byte	0
 677 0377 02        		.uleb128 0x2
 678 0378 01        		.byte	0x1
 679 0379 02        		.byte	0x2
 680 037a 0000 0000 		.long	.LASF42
 681 037e 11        		.uleb128 0x11
 682 037f 02        		.byte	0x2
 683 0380 8403 0000 		.long	0x384
 684 0384 12        		.uleb128 0x12
 685 0385 2C00 0000 		.long	0x2c
 686 0389 11        		.uleb128 0x11
 687 038a 02        		.byte	0x2
 688 038b 8F03 0000 		.long	0x38f
 689 038f 02        		.uleb128 0x2
 690 0390 01        		.byte	0x1
 691 0391 08        		.byte	0x8
 692 0392 0000 0000 		.long	.LASF43
 693 0396 11        		.uleb128 0x11
 694 0397 02        		.byte	0x2
 695 0398 7E00 0000 		.long	0x7e
 696 039c 13        		.uleb128 0x13
 697 039d 02        		.byte	0x2
 698 039e 7E00 0000 		.long	0x7e
 699 03a2 11        		.uleb128 0x11
 700 03a3 02        		.byte	0x2
 701 03a4 A803 0000 		.long	0x3a8
 702 03a8 14        		.uleb128 0x14
 703 03a9 8F03 0000 		.long	0x38f
 704 03ad 11        		.uleb128 0x11
 705 03ae 02        		.byte	0x2
 706 03af B303 0000 		.long	0x3b3
 707 03b3 14        		.uleb128 0x14
 708 03b4 2C00 0000 		.long	0x2c
 709 03b8 13        		.uleb128 0x13
 710 03b9 02        		.byte	0x2
 711 03ba BE03 0000 		.long	0x3be
 712 03be 14        		.uleb128 0x14
 713 03bf 7E00 0000 		.long	0x7e
 714 03c3 15        		.uleb128 0x15
 715 03c4 0000 0000 		.long	.LASF69
 716 03c8 01        		.byte	0x1
 717 03c9 04        		.byte	0x4
 718 03ca 1B        		.byte	0x1b
 719 03cb F403 0000 		.long	0x3f4
 720 03cf 16        		.uleb128 0x16
 721 03d0 0000 0000 		.long	.LASF44
GAS LISTING /var/folders/86/8ymzt0g934z5dpmztl89nd000000gn/T//cc0KwA1R.s 			page 16


 722 03d4 00        		.sleb128 0
 723 03d5 16        		.uleb128 0x16
 724 03d6 0000 0000 		.long	.LASF45
 725 03da 01        		.sleb128 1
 726 03db 16        		.uleb128 0x16
 727 03dc 0000 0000 		.long	.LASF46
 728 03e0 02        		.sleb128 2
 729 03e1 16        		.uleb128 0x16
 730 03e2 0000 0000 		.long	.LASF47
 731 03e6 03        		.sleb128 3
 732 03e7 16        		.uleb128 0x16
 733 03e8 0000 0000 		.long	.LASF48
 734 03ec 04        		.sleb128 4
 735 03ed 16        		.uleb128 0x16
 736 03ee 0000 0000 		.long	.LASF49
 737 03f2 05        		.sleb128 5
 738 03f3 00        		.byte	0
 739 03f4 17        		.uleb128 0x17
 740 03f5 0000 0000 		.long	.LASF50
 741 03f9 03        		.byte	0x3
 742 03fa 04        		.byte	0x4
 743 03fb 1E        		.byte	0x1e
 744 03fc AF04 0000 		.long	0x4af
 745 0400 06        		.uleb128 0x6
 746 0401 0000 0000 		.long	.LASF51
 747 0405 04        		.byte	0x4
 748 0406 21        		.byte	0x21
 749 0407 C303 0000 		.long	0x3c3
 750 040b 02        		.byte	0x2
 751 040c 23        		.byte	0x23
 752 040d 00        		.uleb128 0
 753 040e 03        		.byte	0x3
 754 040f 06        		.uleb128 0x6
 755 0410 0000 0000 		.long	.LASF52
 756 0414 04        		.byte	0x4
 757 0415 22        		.byte	0x22
 758 0416 9603 0000 		.long	0x396
 759 041a 02        		.byte	0x2
 760 041b 23        		.byte	0x23
 761 041c 01        		.uleb128 0x1
 762 041d 03        		.byte	0x3
 763 041e 18        		.uleb128 0x18
 764 041f 01        		.byte	0x1
 765 0420 0000 0000 		.long	.LASF53
 766 0424 04        		.byte	0x4
 767 0425 23        		.byte	0x23
 768 0426 0000 0000 		.long	.LASF54
 769 042a 03        		.byte	0x3
 770 042b 01        		.byte	0x1
 771 042c 3404 0000 		.long	0x434
 772 0430 3B04 0000 		.long	0x43b
 773 0434 09        		.uleb128 0x9
 774 0435 AF04 0000 		.long	0x4af
 775 0439 01        		.byte	0x1
 776 043a 00        		.byte	0
 777 043b 0B        		.uleb128 0xb
 778 043c 01        		.byte	0x1
GAS LISTING /var/folders/86/8ymzt0g934z5dpmztl89nd000000gn/T//cc0KwA1R.s 			page 17


 779 043d 0000 0000 		.long	.LASF50
 780 0441 04        		.byte	0x4
 781 0442 26        		.byte	0x26
 782 0443 01        		.byte	0x1
 783 0444 4C04 0000 		.long	0x44c
 784 0448 5804 0000 		.long	0x458
 785 044c 09        		.uleb128 0x9
 786 044d AF04 0000 		.long	0x4af
 787 0451 01        		.byte	0x1
 788 0452 0A        		.uleb128 0xa
 789 0453 9603 0000 		.long	0x396
 790 0457 00        		.byte	0
 791 0458 0B        		.uleb128 0xb
 792 0459 01        		.byte	0x1
 793 045a 0000 0000 		.long	.LASF55
 794 045e 04        		.byte	0x4
 795 045f 27        		.byte	0x27
 796 0460 01        		.byte	0x1
 797 0461 6904 0000 		.long	0x469
 798 0465 7604 0000 		.long	0x476
 799 0469 09        		.uleb128 0x9
 800 046a AF04 0000 		.long	0x4af
 801 046e 01        		.byte	0x1
 802 046f 09        		.uleb128 0x9
 803 0470 4900 0000 		.long	0x49
 804 0474 01        		.byte	0x1
 805 0475 00        		.byte	0
 806 0476 0D        		.uleb128 0xd
 807 0477 01        		.byte	0x1
 808 0478 0000 0000 		.long	.LASF56
 809 047c 04        		.byte	0x4
 810 047d 28        		.byte	0x28
 811 047e 0000 0000 		.long	.LASF57
 812 0482 01        		.byte	0x1
 813 0483 8B04 0000 		.long	0x48b
 814 0487 9204 0000 		.long	0x492
 815 048b 09        		.uleb128 0x9
 816 048c AF04 0000 		.long	0x4af
 817 0490 01        		.byte	0x1
 818 0491 00        		.byte	0
 819 0492 19        		.uleb128 0x19
 820 0493 01        		.byte	0x1
 821 0494 0000 0000 		.long	.LASF58
 822 0498 04        		.byte	0x4
 823 0499 29        		.byte	0x29
 824 049a 0000 0000 		.long	.LASF59
 825 049e 2C00 0000 		.long	0x2c
 826 04a2 01        		.byte	0x1
 827 04a3 A704 0000 		.long	0x4a7
 828 04a7 09        		.uleb128 0x9
 829 04a8 AF04 0000 		.long	0x4af
 830 04ac 01        		.byte	0x1
 831 04ad 00        		.byte	0
 832 04ae 00        		.byte	0
 833 04af 11        		.uleb128 0x11
 834 04b0 02        		.byte	0x2
 835 04b1 F403 0000 		.long	0x3f4
GAS LISTING /var/folders/86/8ymzt0g934z5dpmztl89nd000000gn/T//cc0KwA1R.s 			page 18


 836 04b5 1A        		.uleb128 0x1a
 837 04b6 1E04 0000 		.long	0x41e
 838 04ba 01        		.byte	0x1
 839 04bb 3A        		.byte	0x3a
 840 04bc 01        		.byte	0x1
 841 04bd C504 0000 		.long	0x4c5
 842 04c1 D004 0000 		.long	0x4d0
 843 04c5 1B        		.uleb128 0x1b
 844 04c6 0000 0000 		.long	.LASF60
 845 04ca D004 0000 		.long	0x4d0
 846 04ce 01        		.byte	0x1
 847 04cf 00        		.byte	0
 848 04d0 14        		.uleb128 0x14
 849 04d1 AF04 0000 		.long	0x4af
 850 04d5 1A        		.uleb128 0x1a
 851 04d6 5804 0000 		.long	0x458
 852 04da 01        		.byte	0x1
 853 04db 0F        		.byte	0xf
 854 04dc 00        		.byte	0
 855 04dd E504 0000 		.long	0x4e5
 856 04e1 FA04 0000 		.long	0x4fa
 857 04e5 1B        		.uleb128 0x1b
 858 04e6 0000 0000 		.long	.LASF60
 859 04ea D004 0000 		.long	0x4d0
 860 04ee 01        		.byte	0x1
 861 04ef 1B        		.uleb128 0x1b
 862 04f0 0000 0000 		.long	.LASF61
 863 04f4 FA04 0000 		.long	0x4fa
 864 04f8 01        		.byte	0x1
 865 04f9 00        		.byte	0
 866 04fa 14        		.uleb128 0x14
 867 04fb 4900 0000 		.long	0x49
 868 04ff 1C        		.uleb128 0x1c
 869 0500 D504 0000 		.long	0x4d5
 870 0504 0000 0000 		.long	.LASF62
 871 0508 0000 0000 		.long	.LFB4
 872 050c 0000 0000 		.long	.LFE4
 873 0510 03        		.byte	0x3
 874 0511 92        		.byte	0x92
 875 0512 20        		.uleb128 0x20
 876 0513 02        		.sleb128 2
 877 0514 1D05 0000 		.long	0x51d
 878 0518 01        		.byte	0x1
 879 0519 2A05 0000 		.long	0x52a
 880 051d 1D        		.uleb128 0x1d
 881 051e E504 0000 		.long	0x4e5
 882 0522 06        		.byte	0x6
 883 0523 68        		.byte	0x68
 884 0524 93        		.byte	0x93
 885 0525 01        		.uleb128 0x1
 886 0526 69        		.byte	0x69
 887 0527 93        		.byte	0x93
 888 0528 01        		.uleb128 0x1
 889 0529 00        		.byte	0
 890 052a 1E        		.uleb128 0x1e
 891 052b B504 0000 		.long	0x4b5
 892 052f 0000 0000 		.long	.LASF54
GAS LISTING /var/folders/86/8ymzt0g934z5dpmztl89nd000000gn/T//cc0KwA1R.s 			page 19


 893 0533 0000 0000 		.long	.LFB7
 894 0537 0000 0000 		.long	.LFE7
 895 053b 0000 0000 		.long	.LLST0
 896 053f 4805 0000 		.long	0x548
 897 0543 01        		.byte	0x1
 898 0544 7C05 0000 		.long	0x57c
 899 0548 1F        		.uleb128 0x1f
 900 0549 C504 0000 		.long	0x4c5
 901 054d 0000 0000 		.long	.LLST1
 902 0551 20        		.uleb128 0x20
 903 0552 0000 0000 		.long	.LBB4
 904 0556 0000 0000 		.long	.LBE4
 905 055a 6805 0000 		.long	0x568
 906 055e 1F        		.uleb128 0x1f
 907 055f C504 0000 		.long	0x4c5
 908 0563 0000 0000 		.long	.LLST2
 909 0567 00        		.byte	0
 910 0568 21        		.uleb128 0x21
 911 0569 0000 0000 		.long	.LVL3
 912 056d 9201 0000 		.long	0x192
 913 0571 22        		.uleb128 0x22
 914 0572 0000 0000 		.long	.LVL7
 915 0576 01        		.byte	0x1
 916 0577 6701 0000 		.long	0x167
 917 057b 00        		.byte	0
 918 057c 1A        		.uleb128 0x1a
 919 057d 3B04 0000 		.long	0x43b
 920 0581 01        		.byte	0x1
 921 0582 07        		.byte	0x7
 922 0583 00        		.byte	0
 923 0584 8C05 0000 		.long	0x58c
 924 0588 A205 0000 		.long	0x5a2
 925 058c 1B        		.uleb128 0x1b
 926 058d 0000 0000 		.long	.LASF60
 927 0591 D004 0000 		.long	0x4d0
 928 0595 01        		.byte	0x1
 929 0596 23        		.uleb128 0x23
 930 0597 0000 0000 		.long	.LASF64
 931 059b 01        		.byte	0x1
 932 059c 07        		.byte	0x7
 933 059d 9603 0000 		.long	0x396
 934 05a1 00        		.byte	0
 935 05a2 1C        		.uleb128 0x1c
 936 05a3 7C05 0000 		.long	0x57c
 937 05a7 0000 0000 		.long	.LASF63
 938 05ab 0000 0000 		.long	.LFB1
 939 05af 0000 0000 		.long	.LFE1
 940 05b3 03        		.byte	0x3
 941 05b4 92        		.byte	0x92
 942 05b5 20        		.uleb128 0x20
 943 05b6 02        		.sleb128 2
 944 05b7 C005 0000 		.long	0x5c0
 945 05bb 01        		.byte	0x1
 946 05bc EA05 0000 		.long	0x5ea
 947 05c0 1F        		.uleb128 0x1f
 948 05c1 8C05 0000 		.long	0x58c
 949 05c5 0000 0000 		.long	.LLST3
GAS LISTING /var/folders/86/8ymzt0g934z5dpmztl89nd000000gn/T//cc0KwA1R.s 			page 20


 950 05c9 1F        		.uleb128 0x1f
 951 05ca 9605 0000 		.long	0x596
 952 05ce 0000 0000 		.long	.LLST4
 953 05d2 24        		.uleb128 0x24
 954 05d3 0000 0000 		.long	.LVL10
 955 05d7 01        		.byte	0x1
 956 05d8 B504 0000 		.long	0x4b5
 957 05dc 25        		.uleb128 0x25
 958 05dd 06        		.byte	0x6
 959 05de 68        		.byte	0x68
 960 05df 93        		.byte	0x93
 961 05e0 01        		.uleb128 0x1
 962 05e1 69        		.byte	0x69
 963 05e2 93        		.byte	0x93
 964 05e3 01        		.uleb128 0x1
 965 05e4 03        		.byte	0x3
 966 05e5 F3        		.byte	0xf3
 967 05e6 01        		.uleb128 0x1
 968 05e7 68        		.byte	0x68
 969 05e8 00        		.byte	0
 970 05e9 00        		.byte	0
 971 05ea 26        		.uleb128 0x26
 972 05eb 7604 0000 		.long	0x476
 973 05ef 01        		.byte	0x1
 974 05f0 14        		.byte	0x14
 975 05f1 0000 0000 		.long	.LFB6
 976 05f5 0000 0000 		.long	.LFE6
 977 05f9 03        		.byte	0x3
 978 05fa 92        		.byte	0x92
 979 05fb 20        		.uleb128 0x20
 980 05fc 02        		.sleb128 2
 981 05fd 0606 0000 		.long	0x606
 982 0601 01        		.byte	0x1
 983 0602 2C06 0000 		.long	0x62c
 984 0606 27        		.uleb128 0x27
 985 0607 0000 0000 		.long	.LASF60
 986 060b D004 0000 		.long	0x4d0
 987 060f 01        		.byte	0x1
 988 0610 0000 0000 		.long	.LLST5
 989 0614 24        		.uleb128 0x24
 990 0615 0000 0000 		.long	.LVL13
 991 0619 01        		.byte	0x1
 992 061a B504 0000 		.long	0x4b5
 993 061e 25        		.uleb128 0x25
 994 061f 06        		.byte	0x6
 995 0620 68        		.byte	0x68
 996 0621 93        		.byte	0x93
 997 0622 01        		.uleb128 0x1
 998 0623 69        		.byte	0x69
 999 0624 93        		.byte	0x93
 1000 0625 01        		.uleb128 0x1
 1001 0626 03        		.byte	0x3
 1002 0627 F3        		.byte	0xf3
 1003 0628 01        		.uleb128 0x1
 1004 0629 68        		.byte	0x68
 1005 062a 00        		.byte	0
 1006 062b 00        		.byte	0
GAS LISTING /var/folders/86/8ymzt0g934z5dpmztl89nd000000gn/T//cc0KwA1R.s 			page 21


 1007 062c 28        		.uleb128 0x28
 1008 062d 9204 0000 		.long	0x492
 1009 0631 01        		.byte	0x1
 1010 0632 55        		.byte	0x55
 1011 0633 0000 0000 		.long	.LFB8
 1012 0637 0000 0000 		.long	.LFE8
 1013 063b 03        		.byte	0x3
 1014 063c 92        		.byte	0x92
 1015 063d 20        		.uleb128 0x20
 1016 063e 02        		.sleb128 2
 1017 063f 4406 0000 		.long	0x644
 1018 0643 01        		.byte	0x1
 1019 0644 27        		.uleb128 0x27
 1020 0645 0000 0000 		.long	.LASF60
 1021 0649 D004 0000 		.long	0x4d0
 1022 064d 01        		.byte	0x1
 1023 064e 0000 0000 		.long	.LLST6
 1024 0652 00        		.byte	0
 1025 0653 00        		.byte	0
 1026               		.section	.debug_abbrev,"",@progbits
 1027               	.Ldebug_abbrev0:
 1028 0000 01        		.uleb128 0x1
 1029 0001 11        		.uleb128 0x11
 1030 0002 01        		.byte	0x1
 1031 0003 25        		.uleb128 0x25
 1032 0004 0E        		.uleb128 0xe
 1033 0005 13        		.uleb128 0x13
 1034 0006 0B        		.uleb128 0xb
 1035 0007 03        		.uleb128 0x3
 1036 0008 0E        		.uleb128 0xe
 1037 0009 1B        		.uleb128 0x1b
 1038 000a 0E        		.uleb128 0xe
 1039 000b 11        		.uleb128 0x11
 1040 000c 01        		.uleb128 0x1
 1041 000d 12        		.uleb128 0x12
 1042 000e 01        		.uleb128 0x1
 1043 000f 10        		.uleb128 0x10
 1044 0010 06        		.uleb128 0x6
 1045 0011 00        		.byte	0
 1046 0012 00        		.byte	0
 1047 0013 02        		.uleb128 0x2
 1048 0014 24        		.uleb128 0x24
 1049 0015 00        		.byte	0
 1050 0016 0B        		.uleb128 0xb
 1051 0017 0B        		.uleb128 0xb
 1052 0018 3E        		.uleb128 0x3e
 1053 0019 0B        		.uleb128 0xb
 1054 001a 03        		.uleb128 0x3
 1055 001b 0E        		.uleb128 0xe
 1056 001c 00        		.byte	0
 1057 001d 00        		.byte	0
 1058 001e 03        		.uleb128 0x3
 1059 001f 16        		.uleb128 0x16
 1060 0020 00        		.byte	0
 1061 0021 03        		.uleb128 0x3
 1062 0022 0E        		.uleb128 0xe
 1063 0023 3A        		.uleb128 0x3a
GAS LISTING /var/folders/86/8ymzt0g934z5dpmztl89nd000000gn/T//cc0KwA1R.s 			page 22


 1064 0024 0B        		.uleb128 0xb
 1065 0025 3B        		.uleb128 0x3b
 1066 0026 0B        		.uleb128 0xb
 1067 0027 49        		.uleb128 0x49
 1068 0028 13        		.uleb128 0x13
 1069 0029 00        		.byte	0
 1070 002a 00        		.byte	0
 1071 002b 04        		.uleb128 0x4
 1072 002c 24        		.uleb128 0x24
 1073 002d 00        		.byte	0
 1074 002e 0B        		.uleb128 0xb
 1075 002f 0B        		.uleb128 0xb
 1076 0030 3E        		.uleb128 0x3e
 1077 0031 0B        		.uleb128 0xb
 1078 0032 03        		.uleb128 0x3
 1079 0033 08        		.uleb128 0x8
 1080 0034 00        		.byte	0
 1081 0035 00        		.byte	0
 1082 0036 05        		.uleb128 0x5
 1083 0037 02        		.uleb128 0x2
 1084 0038 01        		.byte	0x1
 1085 0039 03        		.uleb128 0x3
 1086 003a 08        		.uleb128 0x8
 1087 003b 0B        		.uleb128 0xb
 1088 003c 0B        		.uleb128 0xb
 1089 003d 3A        		.uleb128 0x3a
 1090 003e 0B        		.uleb128 0xb
 1091 003f 3B        		.uleb128 0x3b
 1092 0040 0B        		.uleb128 0xb
 1093 0041 01        		.uleb128 0x1
 1094 0042 13        		.uleb128 0x13
 1095 0043 00        		.byte	0
 1096 0044 00        		.byte	0
 1097 0045 06        		.uleb128 0x6
 1098 0046 0D        		.uleb128 0xd
 1099 0047 00        		.byte	0
 1100 0048 03        		.uleb128 0x3
 1101 0049 0E        		.uleb128 0xe
 1102 004a 3A        		.uleb128 0x3a
 1103 004b 0B        		.uleb128 0xb
 1104 004c 3B        		.uleb128 0x3b
 1105 004d 0B        		.uleb128 0xb
 1106 004e 49        		.uleb128 0x49
 1107 004f 13        		.uleb128 0x13
 1108 0050 38        		.uleb128 0x38
 1109 0051 0A        		.uleb128 0xa
 1110 0052 32        		.uleb128 0x32
 1111 0053 0B        		.uleb128 0xb
 1112 0054 00        		.byte	0
 1113 0055 00        		.byte	0
 1114 0056 07        		.uleb128 0x7
 1115 0057 0D        		.uleb128 0xd
 1116 0058 00        		.byte	0
 1117 0059 03        		.uleb128 0x3
 1118 005a 08        		.uleb128 0x8
 1119 005b 3A        		.uleb128 0x3a
 1120 005c 0B        		.uleb128 0xb
GAS LISTING /var/folders/86/8ymzt0g934z5dpmztl89nd000000gn/T//cc0KwA1R.s 			page 23


 1121 005d 3B        		.uleb128 0x3b
 1122 005e 0B        		.uleb128 0xb
 1123 005f 49        		.uleb128 0x49
 1124 0060 13        		.uleb128 0x13
 1125 0061 38        		.uleb128 0x38
 1126 0062 0A        		.uleb128 0xa
 1127 0063 32        		.uleb128 0x32
 1128 0064 0B        		.uleb128 0xb
 1129 0065 00        		.byte	0
 1130 0066 00        		.byte	0
 1131 0067 08        		.uleb128 0x8
 1132 0068 2E        		.uleb128 0x2e
 1133 0069 01        		.byte	0x1
 1134 006a 3F        		.uleb128 0x3f
 1135 006b 0C        		.uleb128 0xc
 1136 006c 03        		.uleb128 0x3
 1137 006d 08        		.uleb128 0x8
 1138 006e 3A        		.uleb128 0x3a
 1139 006f 0B        		.uleb128 0xb
 1140 0070 3B        		.uleb128 0x3b
 1141 0071 0B        		.uleb128 0xb
 1142 0072 3C        		.uleb128 0x3c
 1143 0073 0C        		.uleb128 0xc
 1144 0074 64        		.uleb128 0x64
 1145 0075 13        		.uleb128 0x13
 1146 0076 01        		.uleb128 0x1
 1147 0077 13        		.uleb128 0x13
 1148 0078 00        		.byte	0
 1149 0079 00        		.byte	0
 1150 007a 09        		.uleb128 0x9
 1151 007b 05        		.uleb128 0x5
 1152 007c 00        		.byte	0
 1153 007d 49        		.uleb128 0x49
 1154 007e 13        		.uleb128 0x13
 1155 007f 34        		.uleb128 0x34
 1156 0080 0C        		.uleb128 0xc
 1157 0081 00        		.byte	0
 1158 0082 00        		.byte	0
 1159 0083 0A        		.uleb128 0xa
 1160 0084 05        		.uleb128 0x5
 1161 0085 00        		.byte	0
 1162 0086 49        		.uleb128 0x49
 1163 0087 13        		.uleb128 0x13
 1164 0088 00        		.byte	0
 1165 0089 00        		.byte	0
 1166 008a 0B        		.uleb128 0xb
 1167 008b 2E        		.uleb128 0x2e
 1168 008c 01        		.byte	0x1
 1169 008d 3F        		.uleb128 0x3f
 1170 008e 0C        		.uleb128 0xc
 1171 008f 03        		.uleb128 0x3
 1172 0090 0E        		.uleb128 0xe
 1173 0091 3A        		.uleb128 0x3a
 1174 0092 0B        		.uleb128 0xb
 1175 0093 3B        		.uleb128 0x3b
 1176 0094 0B        		.uleb128 0xb
 1177 0095 3C        		.uleb128 0x3c
GAS LISTING /var/folders/86/8ymzt0g934z5dpmztl89nd000000gn/T//cc0KwA1R.s 			page 24


 1178 0096 0C        		.uleb128 0xc
 1179 0097 64        		.uleb128 0x64
 1180 0098 13        		.uleb128 0x13
 1181 0099 01        		.uleb128 0x1
 1182 009a 13        		.uleb128 0x13
 1183 009b 00        		.byte	0
 1184 009c 00        		.byte	0
 1185 009d 0C        		.uleb128 0xc
 1186 009e 2E        		.uleb128 0x2e
 1187 009f 01        		.byte	0x1
 1188 00a0 3F        		.uleb128 0x3f
 1189 00a1 0C        		.uleb128 0xc
 1190 00a2 03        		.uleb128 0x3
 1191 00a3 08        		.uleb128 0x8
 1192 00a4 3A        		.uleb128 0x3a
 1193 00a5 0B        		.uleb128 0xb
 1194 00a6 3B        		.uleb128 0x3b
 1195 00a7 0B        		.uleb128 0xb
 1196 00a8 8740      		.uleb128 0x2007
 1197 00aa 0E        		.uleb128 0xe
 1198 00ab 49        		.uleb128 0x49
 1199 00ac 13        		.uleb128 0x13
 1200 00ad 3C        		.uleb128 0x3c
 1201 00ae 0C        		.uleb128 0xc
 1202 00af 64        		.uleb128 0x64
 1203 00b0 13        		.uleb128 0x13
 1204 00b1 01        		.uleb128 0x1
 1205 00b2 13        		.uleb128 0x13
 1206 00b3 00        		.byte	0
 1207 00b4 00        		.byte	0
 1208 00b5 0D        		.uleb128 0xd
 1209 00b6 2E        		.uleb128 0x2e
 1210 00b7 01        		.byte	0x1
 1211 00b8 3F        		.uleb128 0x3f
 1212 00b9 0C        		.uleb128 0xc
 1213 00ba 03        		.uleb128 0x3
 1214 00bb 0E        		.uleb128 0xe
 1215 00bc 3A        		.uleb128 0x3a
 1216 00bd 0B        		.uleb128 0xb
 1217 00be 3B        		.uleb128 0x3b
 1218 00bf 0B        		.uleb128 0xb
 1219 00c0 8740      		.uleb128 0x2007
 1220 00c2 0E        		.uleb128 0xe
 1221 00c3 3C        		.uleb128 0x3c
 1222 00c4 0C        		.uleb128 0xc
 1223 00c5 64        		.uleb128 0x64
 1224 00c6 13        		.uleb128 0x13
 1225 00c7 01        		.uleb128 0x1
 1226 00c8 13        		.uleb128 0x13
 1227 00c9 00        		.byte	0
 1228 00ca 00        		.byte	0
 1229 00cb 0E        		.uleb128 0xe
 1230 00cc 2E        		.uleb128 0x2e
 1231 00cd 01        		.byte	0x1
 1232 00ce 3F        		.uleb128 0x3f
 1233 00cf 0C        		.uleb128 0xc
 1234 00d0 03        		.uleb128 0x3
GAS LISTING /var/folders/86/8ymzt0g934z5dpmztl89nd000000gn/T//cc0KwA1R.s 			page 25


 1235 00d1 0E        		.uleb128 0xe
 1236 00d2 3A        		.uleb128 0x3a
 1237 00d3 0B        		.uleb128 0xb
 1238 00d4 3B        		.uleb128 0x3b
 1239 00d5 0B        		.uleb128 0xb
 1240 00d6 8740      		.uleb128 0x2007
 1241 00d8 0E        		.uleb128 0xe
 1242 00d9 49        		.uleb128 0x49
 1243 00da 13        		.uleb128 0x13
 1244 00db 3C        		.uleb128 0x3c
 1245 00dc 0C        		.uleb128 0xc
 1246 00dd 64        		.uleb128 0x64
 1247 00de 13        		.uleb128 0x13
 1248 00df 01        		.uleb128 0x1
 1249 00e0 13        		.uleb128 0x13
 1250 00e1 00        		.byte	0
 1251 00e2 00        		.byte	0
 1252 00e3 0F        		.uleb128 0xf
 1253 00e4 2E        		.uleb128 0x2e
 1254 00e5 01        		.byte	0x1
 1255 00e6 3F        		.uleb128 0x3f
 1256 00e7 0C        		.uleb128 0xc
 1257 00e8 03        		.uleb128 0x3
 1258 00e9 08        		.uleb128 0x8
 1259 00ea 3A        		.uleb128 0x3a
 1260 00eb 0B        		.uleb128 0xb
 1261 00ec 3B        		.uleb128 0x3b
 1262 00ed 0B        		.uleb128 0xb
 1263 00ee 32        		.uleb128 0x32
 1264 00ef 0B        		.uleb128 0xb
 1265 00f0 3C        		.uleb128 0x3c
 1266 00f1 0C        		.uleb128 0xc
 1267 00f2 64        		.uleb128 0x64
 1268 00f3 13        		.uleb128 0x13
 1269 00f4 01        		.uleb128 0x1
 1270 00f5 13        		.uleb128 0x13
 1271 00f6 00        		.byte	0
 1272 00f7 00        		.byte	0
 1273 00f8 10        		.uleb128 0x10
 1274 00f9 2E        		.uleb128 0x2e
 1275 00fa 01        		.byte	0x1
 1276 00fb 3F        		.uleb128 0x3f
 1277 00fc 0C        		.uleb128 0xc
 1278 00fd 03        		.uleb128 0x3
 1279 00fe 0E        		.uleb128 0xe
 1280 00ff 3A        		.uleb128 0x3a
 1281 0100 0B        		.uleb128 0xb
 1282 0101 3B        		.uleb128 0x3b
 1283 0102 0B        		.uleb128 0xb
 1284 0103 8740      		.uleb128 0x2007
 1285 0105 0E        		.uleb128 0xe
 1286 0106 49        		.uleb128 0x49
 1287 0107 13        		.uleb128 0x13
 1288 0108 32        		.uleb128 0x32
 1289 0109 0B        		.uleb128 0xb
 1290 010a 3C        		.uleb128 0x3c
 1291 010b 0C        		.uleb128 0xc
GAS LISTING /var/folders/86/8ymzt0g934z5dpmztl89nd000000gn/T//cc0KwA1R.s 			page 26


 1292 010c 64        		.uleb128 0x64
 1293 010d 13        		.uleb128 0x13
 1294 010e 00        		.byte	0
 1295 010f 00        		.byte	0
 1296 0110 11        		.uleb128 0x11
 1297 0111 0F        		.uleb128 0xf
 1298 0112 00        		.byte	0
 1299 0113 0B        		.uleb128 0xb
 1300 0114 0B        		.uleb128 0xb
 1301 0115 49        		.uleb128 0x49
 1302 0116 13        		.uleb128 0x13
 1303 0117 00        		.byte	0
 1304 0118 00        		.byte	0
 1305 0119 12        		.uleb128 0x12
 1306 011a 35        		.uleb128 0x35
 1307 011b 00        		.byte	0
 1308 011c 49        		.uleb128 0x49
 1309 011d 13        		.uleb128 0x13
 1310 011e 00        		.byte	0
 1311 011f 00        		.byte	0
 1312 0120 13        		.uleb128 0x13
 1313 0121 10        		.uleb128 0x10
 1314 0122 00        		.byte	0
 1315 0123 0B        		.uleb128 0xb
 1316 0124 0B        		.uleb128 0xb
 1317 0125 49        		.uleb128 0x49
 1318 0126 13        		.uleb128 0x13
 1319 0127 00        		.byte	0
 1320 0128 00        		.byte	0
 1321 0129 14        		.uleb128 0x14
 1322 012a 26        		.uleb128 0x26
 1323 012b 00        		.byte	0
 1324 012c 49        		.uleb128 0x49
 1325 012d 13        		.uleb128 0x13
 1326 012e 00        		.byte	0
 1327 012f 00        		.byte	0
 1328 0130 15        		.uleb128 0x15
 1329 0131 04        		.uleb128 0x4
 1330 0132 01        		.byte	0x1
 1331 0133 03        		.uleb128 0x3
 1332 0134 0E        		.uleb128 0xe
 1333 0135 0B        		.uleb128 0xb
 1334 0136 0B        		.uleb128 0xb
 1335 0137 3A        		.uleb128 0x3a
 1336 0138 0B        		.uleb128 0xb
 1337 0139 3B        		.uleb128 0x3b
 1338 013a 0B        		.uleb128 0xb
 1339 013b 01        		.uleb128 0x1
 1340 013c 13        		.uleb128 0x13
 1341 013d 00        		.byte	0
 1342 013e 00        		.byte	0
 1343 013f 16        		.uleb128 0x16
 1344 0140 28        		.uleb128 0x28
 1345 0141 00        		.byte	0
 1346 0142 03        		.uleb128 0x3
 1347 0143 0E        		.uleb128 0xe
 1348 0144 1C        		.uleb128 0x1c
GAS LISTING /var/folders/86/8ymzt0g934z5dpmztl89nd000000gn/T//cc0KwA1R.s 			page 27


 1349 0145 0D        		.uleb128 0xd
 1350 0146 00        		.byte	0
 1351 0147 00        		.byte	0
 1352 0148 17        		.uleb128 0x17
 1353 0149 02        		.uleb128 0x2
 1354 014a 01        		.byte	0x1
 1355 014b 03        		.uleb128 0x3
 1356 014c 0E        		.uleb128 0xe
 1357 014d 0B        		.uleb128 0xb
 1358 014e 0B        		.uleb128 0xb
 1359 014f 3A        		.uleb128 0x3a
 1360 0150 0B        		.uleb128 0xb
 1361 0151 3B        		.uleb128 0x3b
 1362 0152 0B        		.uleb128 0xb
 1363 0153 01        		.uleb128 0x1
 1364 0154 13        		.uleb128 0x13
 1365 0155 00        		.byte	0
 1366 0156 00        		.byte	0
 1367 0157 18        		.uleb128 0x18
 1368 0158 2E        		.uleb128 0x2e
 1369 0159 01        		.byte	0x1
 1370 015a 3F        		.uleb128 0x3f
 1371 015b 0C        		.uleb128 0xc
 1372 015c 03        		.uleb128 0x3
 1373 015d 0E        		.uleb128 0xe
 1374 015e 3A        		.uleb128 0x3a
 1375 015f 0B        		.uleb128 0xb
 1376 0160 3B        		.uleb128 0x3b
 1377 0161 0B        		.uleb128 0xb
 1378 0162 8740      		.uleb128 0x2007
 1379 0164 0E        		.uleb128 0xe
 1380 0165 32        		.uleb128 0x32
 1381 0166 0B        		.uleb128 0xb
 1382 0167 3C        		.uleb128 0x3c
 1383 0168 0C        		.uleb128 0xc
 1384 0169 64        		.uleb128 0x64
 1385 016a 13        		.uleb128 0x13
 1386 016b 01        		.uleb128 0x1
 1387 016c 13        		.uleb128 0x13
 1388 016d 00        		.byte	0
 1389 016e 00        		.byte	0
 1390 016f 19        		.uleb128 0x19
 1391 0170 2E        		.uleb128 0x2e
 1392 0171 01        		.byte	0x1
 1393 0172 3F        		.uleb128 0x3f
 1394 0173 0C        		.uleb128 0xc
 1395 0174 03        		.uleb128 0x3
 1396 0175 0E        		.uleb128 0xe
 1397 0176 3A        		.uleb128 0x3a
 1398 0177 0B        		.uleb128 0xb
 1399 0178 3B        		.uleb128 0x3b
 1400 0179 0B        		.uleb128 0xb
 1401 017a 8740      		.uleb128 0x2007
 1402 017c 0E        		.uleb128 0xe
 1403 017d 49        		.uleb128 0x49
 1404 017e 13        		.uleb128 0x13
 1405 017f 3C        		.uleb128 0x3c
GAS LISTING /var/folders/86/8ymzt0g934z5dpmztl89nd000000gn/T//cc0KwA1R.s 			page 28


 1406 0180 0C        		.uleb128 0xc
 1407 0181 64        		.uleb128 0x64
 1408 0182 13        		.uleb128 0x13
 1409 0183 00        		.byte	0
 1410 0184 00        		.byte	0
 1411 0185 1A        		.uleb128 0x1a
 1412 0186 2E        		.uleb128 0x2e
 1413 0187 01        		.byte	0x1
 1414 0188 47        		.uleb128 0x47
 1415 0189 13        		.uleb128 0x13
 1416 018a 3A        		.uleb128 0x3a
 1417 018b 0B        		.uleb128 0xb
 1418 018c 3B        		.uleb128 0x3b
 1419 018d 0B        		.uleb128 0xb
 1420 018e 20        		.uleb128 0x20
 1421 018f 0B        		.uleb128 0xb
 1422 0190 64        		.uleb128 0x64
 1423 0191 13        		.uleb128 0x13
 1424 0192 01        		.uleb128 0x1
 1425 0193 13        		.uleb128 0x13
 1426 0194 00        		.byte	0
 1427 0195 00        		.byte	0
 1428 0196 1B        		.uleb128 0x1b
 1429 0197 05        		.uleb128 0x5
 1430 0198 00        		.byte	0
 1431 0199 03        		.uleb128 0x3
 1432 019a 0E        		.uleb128 0xe
 1433 019b 49        		.uleb128 0x49
 1434 019c 13        		.uleb128 0x13
 1435 019d 34        		.uleb128 0x34
 1436 019e 0C        		.uleb128 0xc
 1437 019f 00        		.byte	0
 1438 01a0 00        		.byte	0
 1439 01a1 1C        		.uleb128 0x1c
 1440 01a2 2E        		.uleb128 0x2e
 1441 01a3 01        		.byte	0x1
 1442 01a4 31        		.uleb128 0x31
 1443 01a5 13        		.uleb128 0x13
 1444 01a6 8740      		.uleb128 0x2007
 1445 01a8 0E        		.uleb128 0xe
 1446 01a9 11        		.uleb128 0x11
 1447 01aa 01        		.uleb128 0x1
 1448 01ab 12        		.uleb128 0x12
 1449 01ac 01        		.uleb128 0x1
 1450 01ad 40        		.uleb128 0x40
 1451 01ae 0A        		.uleb128 0xa
 1452 01af 64        		.uleb128 0x64
 1453 01b0 13        		.uleb128 0x13
 1454 01b1 9742      		.uleb128 0x2117
 1455 01b3 0C        		.uleb128 0xc
 1456 01b4 01        		.uleb128 0x1
 1457 01b5 13        		.uleb128 0x13
 1458 01b6 00        		.byte	0
 1459 01b7 00        		.byte	0
 1460 01b8 1D        		.uleb128 0x1d
 1461 01b9 05        		.uleb128 0x5
 1462 01ba 00        		.byte	0
GAS LISTING /var/folders/86/8ymzt0g934z5dpmztl89nd000000gn/T//cc0KwA1R.s 			page 29


 1463 01bb 31        		.uleb128 0x31
 1464 01bc 13        		.uleb128 0x13
 1465 01bd 02        		.uleb128 0x2
 1466 01be 0A        		.uleb128 0xa
 1467 01bf 00        		.byte	0
 1468 01c0 00        		.byte	0
 1469 01c1 1E        		.uleb128 0x1e
 1470 01c2 2E        		.uleb128 0x2e
 1471 01c3 01        		.byte	0x1
 1472 01c4 31        		.uleb128 0x31
 1473 01c5 13        		.uleb128 0x13
 1474 01c6 8740      		.uleb128 0x2007
 1475 01c8 0E        		.uleb128 0xe
 1476 01c9 11        		.uleb128 0x11
 1477 01ca 01        		.uleb128 0x1
 1478 01cb 12        		.uleb128 0x12
 1479 01cc 01        		.uleb128 0x1
 1480 01cd 40        		.uleb128 0x40
 1481 01ce 06        		.uleb128 0x6
 1482 01cf 64        		.uleb128 0x64
 1483 01d0 13        		.uleb128 0x13
 1484 01d1 9742      		.uleb128 0x2117
 1485 01d3 0C        		.uleb128 0xc
 1486 01d4 01        		.uleb128 0x1
 1487 01d5 13        		.uleb128 0x13
 1488 01d6 00        		.byte	0
 1489 01d7 00        		.byte	0
 1490 01d8 1F        		.uleb128 0x1f
 1491 01d9 05        		.uleb128 0x5
 1492 01da 00        		.byte	0
 1493 01db 31        		.uleb128 0x31
 1494 01dc 13        		.uleb128 0x13
 1495 01dd 02        		.uleb128 0x2
 1496 01de 06        		.uleb128 0x6
 1497 01df 00        		.byte	0
 1498 01e0 00        		.byte	0
 1499 01e1 20        		.uleb128 0x20
 1500 01e2 0B        		.uleb128 0xb
 1501 01e3 01        		.byte	0x1
 1502 01e4 11        		.uleb128 0x11
 1503 01e5 01        		.uleb128 0x1
 1504 01e6 12        		.uleb128 0x12
 1505 01e7 01        		.uleb128 0x1
 1506 01e8 01        		.uleb128 0x1
 1507 01e9 13        		.uleb128 0x13
 1508 01ea 00        		.byte	0
 1509 01eb 00        		.byte	0
 1510 01ec 21        		.uleb128 0x21
 1511 01ed 8982 01   		.uleb128 0x4109
 1512 01f0 00        		.byte	0
 1513 01f1 11        		.uleb128 0x11
 1514 01f2 01        		.uleb128 0x1
 1515 01f3 31        		.uleb128 0x31
 1516 01f4 13        		.uleb128 0x13
 1517 01f5 00        		.byte	0
 1518 01f6 00        		.byte	0
 1519 01f7 22        		.uleb128 0x22
GAS LISTING /var/folders/86/8ymzt0g934z5dpmztl89nd000000gn/T//cc0KwA1R.s 			page 30


 1520 01f8 8982 01   		.uleb128 0x4109
 1521 01fb 00        		.byte	0
 1522 01fc 11        		.uleb128 0x11
 1523 01fd 01        		.uleb128 0x1
 1524 01fe 9542      		.uleb128 0x2115
 1525 0200 0C        		.uleb128 0xc
 1526 0201 31        		.uleb128 0x31
 1527 0202 13        		.uleb128 0x13
 1528 0203 00        		.byte	0
 1529 0204 00        		.byte	0
 1530 0205 23        		.uleb128 0x23
 1531 0206 05        		.uleb128 0x5
 1532 0207 00        		.byte	0
 1533 0208 03        		.uleb128 0x3
 1534 0209 0E        		.uleb128 0xe
 1535 020a 3A        		.uleb128 0x3a
 1536 020b 0B        		.uleb128 0xb
 1537 020c 3B        		.uleb128 0x3b
 1538 020d 0B        		.uleb128 0xb
 1539 020e 49        		.uleb128 0x49
 1540 020f 13        		.uleb128 0x13
 1541 0210 00        		.byte	0
 1542 0211 00        		.byte	0
 1543 0212 24        		.uleb128 0x24
 1544 0213 8982 01   		.uleb128 0x4109
 1545 0216 01        		.byte	0x1
 1546 0217 11        		.uleb128 0x11
 1547 0218 01        		.uleb128 0x1
 1548 0219 9542      		.uleb128 0x2115
 1549 021b 0C        		.uleb128 0xc
 1550 021c 31        		.uleb128 0x31
 1551 021d 13        		.uleb128 0x13
 1552 021e 00        		.byte	0
 1553 021f 00        		.byte	0
 1554 0220 25        		.uleb128 0x25
 1555 0221 8A82 01   		.uleb128 0x410a
 1556 0224 00        		.byte	0
 1557 0225 02        		.uleb128 0x2
 1558 0226 0A        		.uleb128 0xa
 1559 0227 9142      		.uleb128 0x2111
 1560 0229 0A        		.uleb128 0xa
 1561 022a 00        		.byte	0
 1562 022b 00        		.byte	0
 1563 022c 26        		.uleb128 0x26
 1564 022d 2E        		.uleb128 0x2e
 1565 022e 01        		.byte	0x1
 1566 022f 47        		.uleb128 0x47
 1567 0230 13        		.uleb128 0x13
 1568 0231 3A        		.uleb128 0x3a
 1569 0232 0B        		.uleb128 0xb
 1570 0233 3B        		.uleb128 0x3b
 1571 0234 0B        		.uleb128 0xb
 1572 0235 11        		.uleb128 0x11
 1573 0236 01        		.uleb128 0x1
 1574 0237 12        		.uleb128 0x12
 1575 0238 01        		.uleb128 0x1
 1576 0239 40        		.uleb128 0x40
GAS LISTING /var/folders/86/8ymzt0g934z5dpmztl89nd000000gn/T//cc0KwA1R.s 			page 31


 1577 023a 0A        		.uleb128 0xa
 1578 023b 64        		.uleb128 0x64
 1579 023c 13        		.uleb128 0x13
 1580 023d 9742      		.uleb128 0x2117
 1581 023f 0C        		.uleb128 0xc
 1582 0240 01        		.uleb128 0x1
 1583 0241 13        		.uleb128 0x13
 1584 0242 00        		.byte	0
 1585 0243 00        		.byte	0
 1586 0244 27        		.uleb128 0x27
 1587 0245 05        		.uleb128 0x5
 1588 0246 00        		.byte	0
 1589 0247 03        		.uleb128 0x3
 1590 0248 0E        		.uleb128 0xe
 1591 0249 49        		.uleb128 0x49
 1592 024a 13        		.uleb128 0x13
 1593 024b 34        		.uleb128 0x34
 1594 024c 0C        		.uleb128 0xc
 1595 024d 02        		.uleb128 0x2
 1596 024e 06        		.uleb128 0x6
 1597 024f 00        		.byte	0
 1598 0250 00        		.byte	0
 1599 0251 28        		.uleb128 0x28
 1600 0252 2E        		.uleb128 0x2e
 1601 0253 01        		.byte	0x1
 1602 0254 47        		.uleb128 0x47
 1603 0255 13        		.uleb128 0x13
 1604 0256 3A        		.uleb128 0x3a
 1605 0257 0B        		.uleb128 0xb
 1606 0258 3B        		.uleb128 0x3b
 1607 0259 0B        		.uleb128 0xb
 1608 025a 11        		.uleb128 0x11
 1609 025b 01        		.uleb128 0x1
 1610 025c 12        		.uleb128 0x12
 1611 025d 01        		.uleb128 0x1
 1612 025e 40        		.uleb128 0x40
 1613 025f 0A        		.uleb128 0xa
 1614 0260 64        		.uleb128 0x64
 1615 0261 13        		.uleb128 0x13
 1616 0262 9742      		.uleb128 0x2117
 1617 0264 0C        		.uleb128 0xc
 1618 0265 00        		.byte	0
 1619 0266 00        		.byte	0
 1620 0267 00        		.byte	0
 1621               		.section	.debug_loc,"",@progbits
 1622               	.Ldebug_loc0:
 1623               	.LLST0:
 1624 0000 0200 0000 		.long	.LFB7-.Ltext0
 1625 0004 0400 0000 		.long	.LCFI0-.Ltext0
 1626 0008 0300      		.word	0x3
 1627 000a 92        		.byte	0x92
 1628 000b 20        		.uleb128 0x20
 1629 000c 02        		.sleb128 2
 1630 000d 0400 0000 		.long	.LCFI0-.Ltext0
 1631 0011 0600 0000 		.long	.LCFI1-.Ltext0
 1632 0015 0300      		.word	0x3
 1633 0017 92        		.byte	0x92
GAS LISTING /var/folders/86/8ymzt0g934z5dpmztl89nd000000gn/T//cc0KwA1R.s 			page 32


 1634 0018 20        		.uleb128 0x20
 1635 0019 03        		.sleb128 3
 1636 001a 0600 0000 		.long	.LCFI1-.Ltext0
 1637 001e 5000 0000 		.long	.LFE7-.Ltext0
 1638 0022 0300      		.word	0x3
 1639 0024 92        		.byte	0x92
 1640 0025 20        		.uleb128 0x20
 1641 0026 04        		.sleb128 4
 1642 0027 0000 0000 		.long	0
 1643 002b 0000 0000 		.long	0
 1644               	.LLST1:
 1645 002f 0200 0000 		.long	.LVL1-.Ltext0
 1646 0033 0C00 0000 		.long	.LVL2-.Ltext0
 1647 0037 0600      		.word	0x6
 1648 0039 68        		.byte	0x68
 1649 003a 93        		.byte	0x93
 1650 003b 01        		.uleb128 0x1
 1651 003c 69        		.byte	0x69
 1652 003d 93        		.byte	0x93
 1653 003e 01        		.uleb128 0x1
 1654 003f 0C00 0000 		.long	.LVL2-.Ltext0
 1655 0043 4600 0000 		.long	.LVL6-.Ltext0
 1656 0047 0600      		.word	0x6
 1657 0049 6C        		.byte	0x6c
 1658 004a 93        		.byte	0x93
 1659 004b 01        		.uleb128 0x1
 1660 004c 6D        		.byte	0x6d
 1661 004d 93        		.byte	0x93
 1662 004e 01        		.uleb128 0x1
 1663 004f 4600 0000 		.long	.LVL6-.Ltext0
 1664 0053 4A00 0000 		.long	.LVL7-.Ltext0
 1665 0057 0400      		.word	0x4
 1666 0059 F3        		.byte	0xf3
 1667 005a 01        		.uleb128 0x1
 1668 005b 68        		.byte	0x68
 1669 005c 9F        		.byte	0x9f
 1670 005d 4A00 0000 		.long	.LVL7-.Ltext0
 1671 0061 4E00 0000 		.long	.LVL8-.Ltext0
 1672 0065 0600      		.word	0x6
 1673 0067 6C        		.byte	0x6c
 1674 0068 93        		.byte	0x93
 1675 0069 01        		.uleb128 0x1
 1676 006a 6D        		.byte	0x6d
 1677 006b 93        		.byte	0x93
 1678 006c 01        		.uleb128 0x1
 1679 006d 4E00 0000 		.long	.LVL8-.Ltext0
 1680 0071 5000 0000 		.long	.LFE7-.Ltext0
 1681 0075 0400      		.word	0x4
 1682 0077 F3        		.byte	0xf3
 1683 0078 01        		.uleb128 0x1
 1684 0079 68        		.byte	0x68
 1685 007a 9F        		.byte	0x9f
 1686 007b 0000 0000 		.long	0
 1687 007f 0000 0000 		.long	0
 1688               	.LLST2:
 1689 0083 1E00 0000 		.long	.LVL4-.Ltext0
 1690 0087 2800 0000 		.long	.LVL5-.Ltext0
GAS LISTING /var/folders/86/8ymzt0g934z5dpmztl89nd000000gn/T//cc0KwA1R.s 			page 33


 1691 008b 0600      		.word	0x6
 1692 008d 6C        		.byte	0x6c
 1693 008e 93        		.byte	0x93
 1694 008f 01        		.uleb128 0x1
 1695 0090 6D        		.byte	0x6d
 1696 0091 93        		.byte	0x93
 1697 0092 01        		.uleb128 0x1
 1698 0093 0000 0000 		.long	0
 1699 0097 0000 0000 		.long	0
 1700               	.LLST3:
 1701 009b 5000 0000 		.long	.LVL9-.Ltext0
 1702 009f 5B00 0000 		.long	.LVL10-1-.Ltext0
 1703 00a3 0600      		.word	0x6
 1704 00a5 68        		.byte	0x68
 1705 00a6 93        		.byte	0x93
 1706 00a7 01        		.uleb128 0x1
 1707 00a8 69        		.byte	0x69
 1708 00a9 93        		.byte	0x93
 1709 00aa 01        		.uleb128 0x1
 1710 00ab 5B00 0000 		.long	.LVL10-1-.Ltext0
 1711 00af 5C00 0000 		.long	.LFE1-.Ltext0
 1712 00b3 0400      		.word	0x4
 1713 00b5 F3        		.byte	0xf3
 1714 00b6 01        		.uleb128 0x1
 1715 00b7 68        		.byte	0x68
 1716 00b8 9F        		.byte	0x9f
 1717 00b9 0000 0000 		.long	0
 1718 00bd 0000 0000 		.long	0
 1719               	.LLST4:
 1720 00c1 5000 0000 		.long	.LVL9-.Ltext0
 1721 00c5 5B00 0000 		.long	.LVL10-1-.Ltext0
 1722 00c9 0600      		.word	0x6
 1723 00cb 66        		.byte	0x66
 1724 00cc 93        		.byte	0x93
 1725 00cd 01        		.uleb128 0x1
 1726 00ce 67        		.byte	0x67
 1727 00cf 93        		.byte	0x93
 1728 00d0 01        		.uleb128 0x1
 1729 00d1 5B00 0000 		.long	.LVL10-1-.Ltext0
 1730 00d5 5C00 0000 		.long	.LFE1-.Ltext0
 1731 00d9 0400      		.word	0x4
 1732 00db F3        		.byte	0xf3
 1733 00dc 01        		.uleb128 0x1
 1734 00dd 66        		.byte	0x66
 1735 00de 9F        		.byte	0x9f
 1736 00df 0000 0000 		.long	0
 1737 00e3 0000 0000 		.long	0
 1738               	.LLST5:
 1739 00e7 5C00 0000 		.long	.LVL11-.Ltext0
 1740 00eb 6000 0000 		.long	.LVL12-.Ltext0
 1741 00ef 0600      		.word	0x6
 1742 00f1 68        		.byte	0x68
 1743 00f2 93        		.byte	0x93
 1744 00f3 01        		.uleb128 0x1
 1745 00f4 69        		.byte	0x69
 1746 00f5 93        		.byte	0x93
 1747 00f6 01        		.uleb128 0x1
GAS LISTING /var/folders/86/8ymzt0g934z5dpmztl89nd000000gn/T//cc0KwA1R.s 			page 34


 1748 00f7 6000 0000 		.long	.LVL12-.Ltext0
 1749 00fb 9700 0000 		.long	.LVL13-1-.Ltext0
 1750 00ff 0600      		.word	0x6
 1751 0101 6E        		.byte	0x6e
 1752 0102 93        		.byte	0x93
 1753 0103 01        		.uleb128 0x1
 1754 0104 6F        		.byte	0x6f
 1755 0105 93        		.byte	0x93
 1756 0106 01        		.uleb128 0x1
 1757 0107 9700 0000 		.long	.LVL13-1-.Ltext0
 1758 010b 9800 0000 		.long	.LFE6-.Ltext0
 1759 010f 0400      		.word	0x4
 1760 0111 F3        		.byte	0xf3
 1761 0112 01        		.uleb128 0x1
 1762 0113 68        		.byte	0x68
 1763 0114 9F        		.byte	0x9f
 1764 0115 0000 0000 		.long	0
 1765 0119 0000 0000 		.long	0
 1766               	.LLST6:
 1767 011d 9800 0000 		.long	.LVL14-.Ltext0
 1768 0121 9C00 0000 		.long	.LVL15-.Ltext0
 1769 0125 0600      		.word	0x6
 1770 0127 68        		.byte	0x68
 1771 0128 93        		.byte	0x93
 1772 0129 01        		.uleb128 0x1
 1773 012a 69        		.byte	0x69
 1774 012b 93        		.byte	0x93
 1775 012c 01        		.uleb128 0x1
 1776 012d 9C00 0000 		.long	.LVL15-.Ltext0
 1777 0131 B600 0000 		.long	.LFE8-.Ltext0
 1778 0135 0600      		.word	0x6
 1779 0137 6E        		.byte	0x6e
 1780 0138 93        		.byte	0x93
 1781 0139 01        		.uleb128 0x1
 1782 013a 6F        		.byte	0x6f
 1783 013b 93        		.byte	0x93
 1784 013c 01        		.uleb128 0x1
 1785 013d 0000 0000 		.long	0
 1786 0141 0000 0000 		.long	0
 1787               		.section	.debug_aranges,"",@progbits
 1788 0000 1C00 0000 		.long	0x1c
 1789 0004 0200      		.word	0x2
 1790 0006 0000 0000 		.long	.Ldebug_info0
 1791 000a 04        		.byte	0x4
 1792 000b 00        		.byte	0
 1793 000c 0000      		.word	0
 1794 000e 0000      		.word	0
 1795 0010 0000 0000 		.long	.Ltext0
 1796 0014 B600 0000 		.long	.Letext0-.Ltext0
 1797 0018 0000 0000 		.long	0
 1798 001c 0000 0000 		.long	0
 1799               		.section	.debug_line,"",@progbits
 1800               	.Ldebug_line0:
 1801 0000 D100 0000 		.section	.debug_str,"MS",@progbits,1
 1801      0200 7600 
 1801      0000 0201 
 1801      FB0E 0A00 
GAS LISTING /var/folders/86/8ymzt0g934z5dpmztl89nd000000gn/T//cc0KwA1R.s 			page 35


 1801      0101 0101 
 1802               	.LASF18:
 1803 0000 7772 6974 		.string	"write"
 1803      6500 
 1804               	.LASF26:
 1805 0006 656E 5F63 		.string	"en_cur"
 1805      7572 00
 1806               	.LASF69:
 1807 000d 7374 6174 		.string	"state"
 1807      6500 
 1808               	.LASF51:
 1809 0013 6D65 6E75 		.string	"menuState"
 1809      5374 6174 
 1809      6500 
 1810               	.LASF56:
 1811 001d 6368 616E 		.string	"changeState"
 1811      6765 5374 
 1811      6174 6500 
 1812               	.LASF31:
 1813 0029 5F5A 4E33 		.string	"_ZN3LCMlsEPKc"
 1813      4C43 4D6C 
 1813      7345 504B 
 1813      6300 
 1814               	.LASF16:
 1815 0037 5F6C 6962 		.string	"_lib"
 1815      00
 1816               	.LASF17:
 1817 003c 7E4C 434D 		.string	"~LCM"
 1817      00
 1818               	.LASF34:
 1819 0041 5F5A 4E33 		.string	"_ZN3LCMlsEc"
 1819      4C43 4D6C 
 1819      7345 6300 
 1820               	.LASF2:
 1821 004d 7569 6E74 		.string	"uint8_t"
 1821      385F 7400 
 1822               	.LASF30:
 1823 0055 6F70 6572 		.string	"operator<<"
 1823      6174 6F72 
 1823      3C3C 00
 1824               	.LASF33:
 1825 0060 5F5A 4E33 		.string	"_ZN3LCMlsEi"
 1825      4C43 4D6C 
 1825      7345 6900 
 1826               	.LASF32:
 1827 006c 5F5A 4E33 		.string	"_ZN3LCMlsEj"
 1827      4C43 4D6C 
 1827      7345 6A00 
 1828               	.LASF21:
 1829 0078 5F5A 4E33 		.string	"_ZN3LCM5clearEv"
 1829      4C43 4D35 
 1829      636C 6561 
 1829      7245 7600 
 1830               	.LASF20:
 1831 0088 5F5A 4E33 		.string	"_ZN3LCM5writeEPKchb"
 1831      4C43 4D35 
 1831      7772 6974 
GAS LISTING /var/folders/86/8ymzt0g934z5dpmztl89nd000000gn/T//cc0KwA1R.s 			page 36


 1831      6545 504B 
 1831      6368 6200 
 1832               	.LASF27:
 1833 009c 5F5A 4E33 		.string	"_ZN3LCM6en_curEb"
 1833      4C43 4D36 
 1833      656E 5F63 
 1833      7572 4562 
 1833      00
 1834               	.LASF41:
 1835 00ad 5F5A 4E33 		.string	"_ZN3LCMaSERKS_"
 1835      4C43 4D61 
 1835      5345 524B 
 1835      535F 00
 1836               	.LASF42:
 1837 00bc 626F 6F6C 		.string	"bool"
 1837      00
 1838               	.LASF12:
 1839 00c1 5F62 6C69 		.string	"_blink_en"
 1839      6E6B 5F65 
 1839      6E00 
 1840               	.LASF66:
 1841 00cb 6C63 642E 		.string	"lcd.cpp"
 1841      6370 7000 
 1842               	.LASF57:
 1843 00d3 5F5A 4E34 		.string	"_ZN4Menu11changeStateEv"
 1843      4D65 6E75 
 1843      3131 6368 
 1843      616E 6765 
 1843      5374 6174 
 1844               	.LASF8:
 1845 00eb 6C6F 6E67 		.string	"long long int"
 1845      206C 6F6E 
 1845      6720 696E 
 1845      7400 
 1846               	.LASF40:
 1847 00f9 5F5A 4E33 		.string	"_ZN3LCMmIEh"
 1847      4C43 4D6D 
 1847      4945 6800 
 1848               	.LASF6:
 1849 0105 6C6F 6E67 		.string	"long int"
 1849      2069 6E74 
 1849      00
 1850               	.LASF28:
 1851 010e 7365 745F 		.string	"set_bc_index"
 1851      6263 5F69 
 1851      6E64 6578 
 1851      00
 1852               	.LASF19:
 1853 011b 636C 6561 		.string	"clear"
 1853      7200 
 1854               	.LASF14:
 1855 0121 5F70 6F72 		.string	"_port"
 1855      7400 
 1856               	.LASF64:
 1857 0127 6469 7370 		.string	"display"
 1857      6C61 7900 
 1858               	.LASF1:
GAS LISTING /var/folders/86/8ymzt0g934z5dpmztl89nd000000gn/T//cc0KwA1R.s 			page 37


 1859 012f 756E 7369 		.string	"unsigned char"
 1859      676E 6564 
 1859      2063 6861 
 1859      7200 
 1860               	.LASF58:
 1861 013d 7661 6C69 		.string	"validation"
 1861      6461 7469 
 1861      6F6E 00
 1862               	.LASF0:
 1863 0148 7369 676E 		.string	"signed char"
 1863      6564 2063 
 1863      6861 7200 
 1864               	.LASF9:
 1865 0154 6C6F 6E67 		.string	"long long unsigned int"
 1865      206C 6F6E 
 1865      6720 756E 
 1865      7369 676E 
 1865      6564 2069 
 1866               	.LASF36:
 1867 016b 5F5A 4E33 		.string	"_ZN3LCMaSEPKc"
 1867      4C43 4D61 
 1867      5345 504B 
 1867      6300 
 1868               	.LASF5:
 1869 0179 756E 7369 		.string	"unsigned int"
 1869      676E 6564 
 1869      2069 6E74 
 1869      00
 1870               	.LASF4:
 1871 0186 7569 6E74 		.string	"uint16_t"
 1871      3136 5F74 
 1871      00
 1872               	.LASF52:
 1873 018f 6469 7370 		.string	"disp"
 1873      00
 1874               	.LASF23:
 1875 0194 5F5A 4E33 		.string	"_ZN3LCM8build_ccEhPKh"
 1875      4C43 4D38 
 1875      6275 696C 
 1875      645F 6363 
 1875      4568 504B 
 1876               	.LASF15:
 1877 01aa 5F62 7566 		.string	"_buf"
 1877      00
 1878               	.LASF44:
 1879 01af 6D6F 6465 		.string	"mode1"
 1879      3100 
 1880               	.LASF45:
 1881 01b5 6D6F 6465 		.string	"mode2"
 1881      3200 
 1882               	.LASF46:
 1883 01bb 6D6F 6465 		.string	"mode3"
 1883      3300 
 1884               	.LASF48:
 1885 01c1 6D6F 6465 		.string	"mode5"
 1885      3500 
 1886               	.LASF49:
GAS LISTING /var/folders/86/8ymzt0g934z5dpmztl89nd000000gn/T//cc0KwA1R.s 			page 38


 1887 01c7 6D6F 6465 		.string	"mode6"
 1887      3600 
 1888               	.LASF43:
 1889 01cd 6368 6172 		.string	"char"
 1889      00
 1890               	.LASF59:
 1891 01d2 5F5A 4E34 		.string	"_ZN4Menu10validationEv"
 1891      4D65 6E75 
 1891      3130 7661 
 1891      6C69 6461 
 1891      7469 6F6E 
 1892               	.LASF37:
 1893 01e9 6F70 6572 		.string	"operator[]"
 1893      6174 6F72 
 1893      5B5D 00
 1894               	.LASF29:
 1895 01f4 5F5A 4E33 		.string	"_ZN3LCM12set_bc_indexEh"
 1895      4C43 4D31 
 1895      3273 6574 
 1895      5F62 635F 
 1895      696E 6465 
 1896               	.LASF61:
 1897 020c 5F5F 696E 		.string	"__in_chrg"
 1897      5F63 6872 
 1897      6700 
 1898               	.LASF3:
 1899 0216 696E 7431 		.string	"int16_t"
 1899      365F 7400 
 1900               	.LASF60:
 1901 021e 7468 6973 		.string	"this"
 1901      00
 1902               	.LASF68:
 1903 0223 5F5A 4E33 		.string	"_ZN3LCM3putEc"
 1903      4C43 4D33 
 1903      7075 7445 
 1903      6300 
 1904               	.LASF39:
 1905 0231 6F70 6572 		.string	"operator-="
 1905      6174 6F72 
 1905      2D3D 00
 1906               	.LASF11:
 1907 023c 5F6C 6173 		.string	"_last_bc_index"
 1907      745F 6263 
 1907      5F69 6E64 
 1907      6578 00
 1908               	.LASF7:
 1909 024b 6C6F 6E67 		.string	"long unsigned int"
 1909      2075 6E73 
 1909      6967 6E65 
 1909      6420 696E 
 1909      7400 
 1910               	.LASF63:
 1911 025d 5F5A 4E34 		.string	"_ZN4MenuC2EP3LCM"
 1911      4D65 6E75 
 1911      4332 4550 
 1911      334C 434D 
 1911      00
GAS LISTING /var/folders/86/8ymzt0g934z5dpmztl89nd000000gn/T//cc0KwA1R.s 			page 39


 1912               	.LASF54:
 1913 026e 5F5A 4E34 		.string	"_ZN4Menu12afficherMenuEv"
 1913      4D65 6E75 
 1913      3132 6166 
 1913      6669 6368 
 1913      6572 4D65 
 1914               	.LASF50:
 1915 0287 4D65 6E75 		.string	"Menu"
 1915      00
 1916               	.LASF67:
 1917 028c 2F55 7365 		.string	"/Users/Esteban/dev/robot-poly/lib_dir"
 1917      7273 2F45 
 1917      7374 6562 
 1917      616E 2F64 
 1917      6576 2F72 
 1918               	.LASF22:
 1919 02b2 6275 696C 		.string	"build_cc"
 1919      645F 6363 
 1919      00
 1920               	.LASF53:
 1921 02bb 6166 6669 		.string	"afficherMenu"
 1921      6368 6572 
 1921      4D65 6E75 
 1921      00
 1922               	.LASF10:
 1923 02c8 5F6C 6173 		.string	"_last_index"
 1923      745F 696E 
 1923      6465 7800 
 1924               	.LASF55:
 1925 02d4 7E4D 656E 		.string	"~Menu"
 1925      7500 
 1926               	.LASF13:
 1927 02da 5F63 7572 		.string	"_cur_en"
 1927      5F65 6E00 
 1928               	.LASF62:
 1929 02e2 5F5A 4E34 		.string	"_ZN4MenuD2Ev"
 1929      4D65 6E75 
 1929      4432 4576 
 1929      00
 1930               	.LASF47:
 1931 02ef 6D6F 6465 		.string	"mode4"
 1931      3400 
 1932               	.LASF38:
 1933 02f5 5F5A 4E33 		.string	"_ZN3LCMixEh"
 1933      4C43 4D69 
 1933      7845 6800 
 1934               	.LASF24:
 1935 0301 656E 5F62 		.string	"en_blink"
 1935      6C69 6E6B 
 1935      00
 1936               	.LASF25:
 1937 030a 5F5A 4E33 		.string	"_ZN3LCM8en_blinkEb"
 1937      4C43 4D38 
 1937      656E 5F62 
 1937      6C69 6E6B 
 1937      4562 00
 1938               	.LASF65:
GAS LISTING /var/folders/86/8ymzt0g934z5dpmztl89nd000000gn/T//cc0KwA1R.s 			page 40


 1939 031d 474E 5520 		.string	"GNU C++ 4.8.1 -mmcu=atmega324pa -g -Os -std=c++98 -fpack-struct -fshort-enums -funsigned-
 1939      432B 2B20 
 1939      342E 382E 
 1939      3120 2D6D 
 1939      6D63 753D 
 1940               	.LASF35:
 1941 03c0 6F70 6572 		.string	"operator="
 1941      6174 6F72 
 1941      3D00 
 1942               		.ident	"GCC: (GNU) 4.8.1"
 1943               	.global __do_copy_data
GAS LISTING /var/folders/86/8ymzt0g934z5dpmztl89nd000000gn/T//cc0KwA1R.s 			page 41


DEFINED SYMBOLS
                            *ABS*:00000000 lcd.cpp
/var/folders/86/8ymzt0g934z5dpmztl89nd000000gn/T//cc0KwA1R.s:2      *ABS*:0000003e __SP_H__
/var/folders/86/8ymzt0g934z5dpmztl89nd000000gn/T//cc0KwA1R.s:3      *ABS*:0000003d __SP_L__
/var/folders/86/8ymzt0g934z5dpmztl89nd000000gn/T//cc0KwA1R.s:4      *ABS*:0000003f __SREG__
/var/folders/86/8ymzt0g934z5dpmztl89nd000000gn/T//cc0KwA1R.s:5      *ABS*:00000000 __tmp_reg__
/var/folders/86/8ymzt0g934z5dpmztl89nd000000gn/T//cc0KwA1R.s:6      *ABS*:00000001 __zero_reg__
/var/folders/86/8ymzt0g934z5dpmztl89nd000000gn/T//cc0KwA1R.s:12     .text:00000000 _ZN4MenuD2Ev
/var/folders/86/8ymzt0g934z5dpmztl89nd000000gn/T//cc0KwA1R.s:12     .text:00000000 _ZN4MenuD1Ev
/var/folders/86/8ymzt0g934z5dpmztl89nd000000gn/T//cc0KwA1R.s:38     .text:00000002 _ZN4Menu12afficherMenuEv
/var/folders/86/8ymzt0g934z5dpmztl89nd000000gn/T//cc0KwA1R.s:122    .text:00000050 _ZN4MenuC2EP3LCM
/var/folders/86/8ymzt0g934z5dpmztl89nd000000gn/T//cc0KwA1R.s:122    .text:00000050 _ZN4MenuC1EP3LCM
/var/folders/86/8ymzt0g934z5dpmztl89nd000000gn/T//cc0KwA1R.s:149    .text:0000005c _ZN4Menu11changeStateEv
/var/folders/86/8ymzt0g934z5dpmztl89nd000000gn/T//cc0KwA1R.s:213    .text:00000098 _ZN4Menu10validationEv

UNDEFINED SYMBOLS
_ZN3LCM5clearEv
_ZN3LCM5writeEPKchb
__do_copy_data
