GAS LISTING /tmp/ccVoe0gW.s 			page 1


   1               		.file	"usart.cpp"
   2               	__SP_H__ = 0x3e
   3               	__SP_L__ = 0x3d
   4               	__SREG__ = 0x3f
   5               	__tmp_reg__ = 0
   6               	__zero_reg__ = 1
   7               		.stabs	"/home/prophete/PROJETFINALINF1995/robot-poly/lib_dir/",100,0,4,.Ltext0
   8               		.stabs	"usart.cpp",100,0,4,.Ltext0
   9               		.text
  10               	.Ltext0:
  11               		.stabs	"gcc2_compiled.",60,0,0,0
  12               		.stabs	"__uint24:t(0,1)=@s24;r(0,1);0;077777777;",128,0,0,0
  13               		.stabs	"__int24:t(0,2)=@s24;r(0,2);040000000;037777777;",128,0,0,0
  14               		.stabs	"__builtin_va_list:t(0,3)=*(0,4)=(0,4)",128,0,0,0
  15               		.stabs	"complex long double:t(0,5)=R3;8;0;",128,0,0,0
  16               		.stabs	"complex double:t(0,6)=R3;8;0;",128,0,0,0
  17               		.stabs	"complex float:t(0,7)=R3;8;0;",128,0,0,0
  18               		.stabs	"complex int:t(0,8)=s4real:(0,9)=r(0,9);-32768;32767;,0,16;imag:(0,9),16,16;;",128,0,0,0
  19               		.stabs	"long long unsigned int:t(0,10)=@s64;r(0,10);0;01777777777777777777777;",128,0,0,0
  20               		.stabs	"long unsigned int:t(0,11)=@s32;r(0,11);0;037777777777;",128,0,0,0
  21               		.stabs	"unsigned int:t(0,12)=r(0,12);0;0177777;",128,0,0,0
  22               		.stabs	"unsigned char:t(0,13)=@s8;r(0,13);0;255;",128,0,0,0
  23               		.stabs	"long long int:t(0,14)=@s64;r(0,14);01000000000000000000000;0777777777777777777777;",128,0,
  24               		.stabs	"long int:t(0,15)=@s32;r(0,15);020000000000;017777777777;",128,0,0,0
  25               		.stabs	"int:t(0,9)",128,0,0,0
  26               		.stabs	"signed char:t(0,16)=@s8;r(0,16);-128;127;",128,0,0,0
  27               		.stabs	"char:t(0,17)=@s8;r(0,17);0;255;",128,0,0,0
  28               		.stabs	"signed:t(0,9)",128,0,0,0
  29               		.stabs	"unsigned long:t(0,11)",128,0,0,0
  30               		.stabs	"long long unsigned:t(0,10)",128,0,0,0
  31               		.stabs	"short int:t(0,18)=r(0,18);-32768;32767;",128,0,0,0
  32               		.stabs	"short unsigned int:t(0,19)=r(0,19);0;0177777;",128,0,0,0
  33               		.stabs	"unsigned short:t(0,19)",128,0,0,0
  34               		.stabs	"float:t(0,20)=r(0,9);4;0;",128,0,0,0
  35               		.stabs	"double:t(0,21)=r(0,9);4;0;",128,0,0,0
  36               		.stabs	"long double:t(0,22)=r(0,9);4;0;",128,0,0,0
  37               		.stabs	"short _Fract:t(0,23)=r(0,9);1;0;",128,0,0,0
  38               		.stabs	"long _Fract:t(0,24)=r(0,9);4;0;",128,0,0,0
  39               		.stabs	"long long _Fract:t(0,25)=r(0,9);8;0;",128,0,0,0
  40               		.stabs	"unsigned short _Fract:t(0,26)=r(0,9);1;0;",128,0,0,0
  41               		.stabs	"unsigned _Fract:t(0,27)=r(0,9);2;0;",128,0,0,0
  42               		.stabs	"unsigned long _Fract:t(0,28)=r(0,9);4;0;",128,0,0,0
  43               		.stabs	"unsigned long long _Fract:t(0,29)=r(0,9);8;0;",128,0,0,0
  44               		.stabs	"_Sat short _Fract:t(0,30)=r(0,9);1;0;",128,0,0,0
  45               		.stabs	"_Sat _Fract:t(0,31)=r(0,9);2;0;",128,0,0,0
  46               		.stabs	"_Sat long _Fract:t(0,32)=r(0,9);4;0;",128,0,0,0
  47               		.stabs	"_Sat long long _Fract:t(0,33)=r(0,9);8;0;",128,0,0,0
  48               		.stabs	"_Sat unsigned short _Fract:t(0,34)=r(0,9);1;0;",128,0,0,0
  49               		.stabs	"_Sat unsigned _Fract:t(0,35)=r(0,9);2;0;",128,0,0,0
  50               		.stabs	"_Sat unsigned long _Fract:t(0,36)=r(0,9);4;0;",128,0,0,0
  51               		.stabs	"_Sat unsigned long long _Fract:t(0,37)=r(0,9);8;0;",128,0,0,0
  52               		.stabs	"short _Accum:t(0,38)=r(0,9);2;0;",128,0,0,0
  53               		.stabs	"long _Accum:t(0,39)=r(0,9);8;0;",128,0,0,0
  54               		.stabs	"long long _Accum:t(0,40)=r(0,9);8;0;",128,0,0,0
  55               		.stabs	"unsigned short _Accum:t(0,41)=r(0,9);2;0;",128,0,0,0
  56               		.stabs	"unsigned _Accum:t(0,42)=r(0,9);4;0;",128,0,0,0
  57               		.stabs	"unsigned long _Accum:t(0,43)=r(0,9);8;0;",128,0,0,0
GAS LISTING /tmp/ccVoe0gW.s 			page 2


  58               		.stabs	"unsigned long long _Accum:t(0,44)=r(0,9);8;0;",128,0,0,0
  59               		.stabs	"_Sat short _Accum:t(0,45)=r(0,9);2;0;",128,0,0,0
  60               		.stabs	"_Sat _Accum:t(0,46)=r(0,9);4;0;",128,0,0,0
  61               		.stabs	"_Sat long _Accum:t(0,47)=r(0,9);8;0;",128,0,0,0
  62               		.stabs	"_Sat long long _Accum:t(0,48)=r(0,9);8;0;",128,0,0,0
  63               		.stabs	"_Sat unsigned short _Accum:t(0,49)=r(0,9);2;0;",128,0,0,0
  64               		.stabs	"_Sat unsigned _Accum:t(0,50)=r(0,9);4;0;",128,0,0,0
  65               		.stabs	"_Sat unsigned long _Accum:t(0,51)=r(0,9);8;0;",128,0,0,0
  66               		.stabs	"_Sat unsigned long long _Accum:t(0,52)=r(0,9);8;0;",128,0,0,0
  67               		.stabs	"void:t(0,4)",128,0,0,0
  68               		.stabs	"wchar_t:t(0,53)=r(0,53);-32768;32767;",128,0,0,0
  69               		.stabs	"bool:t(0,54)=@s8;-16;",128,0,0,0
  70               		.stabs	"__vtbl_ptr_type:t(0,55)=*(0,56)=f(0,9)",128,0,0,0
  71               		.stabs	"decltype(nullptr):t(0,57)=(0,57)",128,0,0,0
  72               		.stabs	"Usart:Tt(0,58)=s1;",128,0,5,0
  73               		.stabs	"",100,0,0,.Letext0
  74               	.Letext0:
  75               		.ident	"GCC: (GNU) 4.8.2"
GAS LISTING /tmp/ccVoe0gW.s 			page 3


DEFINED SYMBOLS
                            *ABS*:0000000000000000 usart.cpp
     /tmp/ccVoe0gW.s:2      *ABS*:000000000000003e __SP_H__
     /tmp/ccVoe0gW.s:3      *ABS*:000000000000003d __SP_L__
     /tmp/ccVoe0gW.s:4      *ABS*:000000000000003f __SREG__
     /tmp/ccVoe0gW.s:5      *ABS*:0000000000000000 __tmp_reg__
     /tmp/ccVoe0gW.s:6      *ABS*:0000000000000001 __zero_reg__

NO UNDEFINED SYMBOLS
